This file contains any messages produced by compilers while
running configure, to aid debugging if configure makes a mistake.

It was created by bullet configure 2.79, which was
generated by GNU Autoconf 2.68.  Invocation command line was

  $ ./configure 

## --------- ##
## Platform. ##
## --------- ##

hostname = magdalene
uname -m = x86_64
uname -r = 3.0-ARCH
uname -s = Linux
uname -v = #1 SMP PREEMPT Fri Oct 7 11:35:34 CEST 2011

/usr/bin/uname -p = unknown
/bin/uname -X     = unknown

/bin/arch              = x86_64
/usr/bin/arch -k       = unknown
/usr/convex/getsysinfo = unknown
/usr/bin/hostinfo      = unknown
/bin/machine           = unknown
/usr/bin/oslevel       = unknown
/bin/universe          = unknown

PATH: /usr/local/bin
PATH: /usr/bin
PATH: /bin
PATH: /usr/local/sbin
PATH: /usr/sbin
PATH: /sbin
PATH: /opt/java/bin
PATH: /opt/java/db/bin
PATH: /opt/java/jre/bin
PATH: /usr/bin/core_perl


## ----------- ##
## Core tests. ##
## ----------- ##

configure:2220: checking build system type
configure:2234: result: x86_64-unknown-linux-gnu
configure:2254: checking host system type
configure:2267: result: x86_64-unknown-linux-gnu
configure:2304: checking for a BSD-compatible install
configure:2372: result: /bin/install -c
configure:2383: checking whether build environment is sane
configure:2433: result: yes
configure:2574: checking for a thread-safe mkdir -p
configure:2613: result: /bin/mkdir -p
configure:2626: checking for gawk
configure:2642: found /usr/bin/gawk
configure:2653: result: gawk
configure:2664: checking whether make sets $(MAKE)
configure:2686: result: yes
configure:2778: checking for style of include used by make
configure:2806: result: GNU
configure:2876: checking for gcc
configure:2892: found /usr/bin/gcc
configure:2903: result: gcc
configure:3132: checking for C compiler version
configure:3141: gcc --version >&5
gcc (GCC) 4.6.1 20110819 (prerelease)
Copyright (C) 2011 Free Software Foundation, Inc.
This is free software; see the source for copying conditions.  There is NO
warranty; not even for MERCHANTABILITY or FITNESS FOR A PARTICULAR PURPOSE.

configure:3152: $? = 0
configure:3141: gcc -v >&5
Using built-in specs.
COLLECT_GCC=gcc
COLLECT_LTO_WRAPPER=/usr/lib/gcc/x86_64-unknown-linux-gnu/4.6.1/lto-wrapper
Target: x86_64-unknown-linux-gnu
Configured with: /build/src/gcc-4.6-20110819/configure --prefix=/usr --libdir=/usr/lib --libexecdir=/usr/lib --mandir=/usr/share/man --infodir=/usr/share/info --with-bugurl=https://bugs.archlinux.org/ --enable-languages=c,c++,ada,fortran,go,lto,objc,obj-c++ --enable-shared --enable-threads=posix --with-system-zlib --enable-__cxa_atexit --disable-libunwind-exceptions --enable-clocale=gnu --enable-gnu-unique-object --enable-linker-build-id --with-ppl --enable-cloog-backend=isl --enable-lto --enable-gold --enable-ld=default --enable-plugin --with-plugin-ld=ld.gold --disable-multilib --disable-libssp --disable-libstdcxx-pch --enable-checking=release
Thread model: posix
gcc version 4.6.1 20110819 (prerelease) (GCC) 
configure:3152: $? = 0
configure:3141: gcc -V >&5
gcc: error: unrecognized option '-V'
gcc: fatal error: no input files
compilation terminated.
configure:3152: $? = 1
configure:3141: gcc -qversion >&5
gcc: error: unrecognized option '-qversion'
gcc: fatal error: no input files
compilation terminated.
configure:3152: $? = 1
configure:3172: checking whether the C compiler works
configure:3194: gcc    conftest.c  >&5
configure:3198: $? = 0
configure:3246: result: yes
configure:3249: checking for C compiler default output file name
configure:3251: result: a.out
configure:3257: checking for suffix of executables
configure:3264: gcc -o conftest    conftest.c  >&5
configure:3268: $? = 0
configure:3290: result: 
configure:3312: checking whether we are cross compiling
configure:3320: gcc -o conftest    conftest.c  >&5
configure:3324: $? = 0
configure:3331: ./conftest
configure:3335: $? = 0
configure:3350: result: no
configure:3355: checking for suffix of object files
configure:3377: gcc -c   conftest.c >&5
configure:3381: $? = 0
configure:3402: result: o
configure:3406: checking whether we are using the GNU C compiler
configure:3425: gcc -c   conftest.c >&5
configure:3425: $? = 0
configure:3434: result: yes
configure:3443: checking whether gcc accepts -g
configure:3463: gcc -c -g  conftest.c >&5
configure:3463: $? = 0
configure:3504: result: yes
configure:3521: checking for gcc option to accept ISO C89
configure:3585: gcc  -c -g -O2  conftest.c >&5
configure:3585: $? = 0
configure:3598: result: none needed
configure:3620: checking dependency style of gcc
configure:3730: result: gcc3
configure:3746: checking whether gcc and cc understand -c and -o together
configure:3777: gcc -c conftest.c -o conftest2.o >&5
configure:3781: $? = 0
configure:3787: gcc -c conftest.c -o conftest2.o >&5
configure:3791: $? = 0
configure:3802: cc -c conftest.c >&5
configure:3806: $? = 0
configure:3814: cc -c conftest.c -o conftest2.o >&5
configure:3818: $? = 0
configure:3824: cc -c conftest.c -o conftest2.o >&5
configure:3828: $? = 0
configure:3846: result: yes
configure:3929: checking for g++
configure:3945: found /usr/bin/g++
configure:3956: result: g++
configure:3983: checking for C++ compiler version
configure:3992: g++ --version >&5
g++ (GCC) 4.6.1 20110819 (prerelease)
Copyright (C) 2011 Free Software Foundation, Inc.
This is free software; see the source for copying conditions.  There is NO
warranty; not even for MERCHANTABILITY or FITNESS FOR A PARTICULAR PURPOSE.

configure:4003: $? = 0
configure:3992: g++ -v >&5
Using built-in specs.
COLLECT_GCC=g++
COLLECT_LTO_WRAPPER=/usr/lib/gcc/x86_64-unknown-linux-gnu/4.6.1/lto-wrapper
Target: x86_64-unknown-linux-gnu
Configured with: /build/src/gcc-4.6-20110819/configure --prefix=/usr --libdir=/usr/lib --libexecdir=/usr/lib --mandir=/usr/share/man --infodir=/usr/share/info --with-bugurl=https://bugs.archlinux.org/ --enable-languages=c,c++,ada,fortran,go,lto,objc,obj-c++ --enable-shared --enable-threads=posix --with-system-zlib --enable-__cxa_atexit --disable-libunwind-exceptions --enable-clocale=gnu --enable-gnu-unique-object --enable-linker-build-id --with-ppl --enable-cloog-backend=isl --enable-lto --enable-gold --enable-ld=default --enable-plugin --with-plugin-ld=ld.gold --disable-multilib --disable-libssp --disable-libstdcxx-pch --enable-checking=release
Thread model: posix
gcc version 4.6.1 20110819 (prerelease) (GCC) 
configure:4003: $? = 0
configure:3992: g++ -V >&5
g++: error: unrecognized option '-V'
g++: fatal error: no input files
compilation terminated.
configure:4003: $? = 1
configure:3992: g++ -qversion >&5
g++: error: unrecognized option '-qversion'
g++: fatal error: no input files
compilation terminated.
configure:4003: $? = 1
configure:4007: checking whether we are using the GNU C++ compiler
configure:4026: g++ -c   conftest.cpp >&5
configure:4026: $? = 0
configure:4035: result: yes
configure:4044: checking whether g++ accepts -g
configure:4064: g++ -c -g  conftest.cpp >&5
configure:4064: $? = 0
configure:4105: result: yes
configure:4130: checking dependency style of g++
configure:4240: result: gcc3
configure:4301: checking how to print strings
configure:4328: result: printf
configure:4349: checking for a sed that does not truncate output
configure:4413: result: /bin/sed
configure:4431: checking for grep that handles long lines and -e
configure:4489: result: /bin/grep
configure:4494: checking for egrep
configure:4556: result: /bin/grep -E
configure:4561: checking for fgrep
configure:4623: result: /bin/grep -F
configure:4658: checking for ld used by gcc
configure:4725: result: /usr/bin/ld
configure:4732: checking if the linker (/usr/bin/ld) is GNU ld
configure:4747: result: yes
configure:4759: checking for BSD- or MS-compatible name lister (nm)
configure:4808: result: /usr/bin/nm -B
configure:4938: checking the name lister (/usr/bin/nm -B) interface
configure:4945: gcc -c -g -O2  conftest.c >&5
configure:4948: /usr/bin/nm -B "conftest.o"
configure:4951: output
0000000000000000 B some_variable
configure:4958: result: BSD nm
configure:4961: checking whether ln -s works
configure:4965: result: yes
configure:4973: checking the maximum length of command line arguments
configure:5098: result: 1572864
configure:5115: checking whether the shell understands some XSI constructs
configure:5125: result: yes
configure:5129: checking whether the shell understands "+="
configure:5135: result: yes
configure:5170: checking how to convert x86_64-unknown-linux-gnu file names to x86_64-unknown-linux-gnu format
configure:5210: result: func_convert_file_noop
configure:5217: checking how to convert x86_64-unknown-linux-gnu file names to toolchain format
configure:5237: result: func_convert_file_noop
configure:5244: checking for /usr/bin/ld option to reload object files
configure:5251: result: -r
configure:5325: checking for objdump
configure:5341: found /usr/bin/objdump
configure:5352: result: objdump
configure:5384: checking how to recognize dependent libraries
configure:5586: result: pass_all
configure:5671: checking for dlltool
configure:5701: result: no
configure:5731: checking how to associate runtime and link libraries
configure:5758: result: printf %s\n
configure:5819: checking for ar
configure:5835: found /usr/bin/ar
configure:5846: result: ar
configure:5883: checking for archiver @FILE support
configure:5900: gcc -c -g -O2  conftest.c >&5
configure:5900: $? = 0
configure:5903: ar cru libconftest.a @conftest.lst >&5
configure:5906: $? = 0
configure:5911: ar cru libconftest.a @conftest.lst >&5
ar: conftest.o: No such file or directory
configure:5914: $? = 1
configure:5926: result: @
configure:5984: checking for strip
configure:6000: found /usr/bin/strip
configure:6011: result: strip
configure:6083: checking for ranlib
configure:6099: found /usr/bin/ranlib
configure:6110: result: ranlib
configure:6212: checking command to parse /usr/bin/nm -B output from gcc object
configure:6331: gcc -c -g -O2  conftest.c >&5
configure:6334: $? = 0
configure:6338: /usr/bin/nm -B conftest.o \| sed -n -e 's/^.*[ ]\([ABCDGIRSTW][ABCDGIRSTW]*\)[ ][ ]*\([_A-Za-z][_A-Za-z0-9]*\)$/\1 \2 \2/p' | sed '/ __gnu_lto/d' \> conftest.nm
configure:6341: $? = 0
configure:6407: gcc -o conftest -g -O2   conftest.c conftstm.o >&5
configure:6410: $? = 0
configure:6448: result: ok
configure:6485: checking for sysroot
configure:6515: result: no
configure:6592: gcc -c -g -O2  conftest.c >&5
configure:6595: $? = 0
configure:6758: checking for mt
configure:6788: result: no
configure:6808: checking if : is a manifest tool
configure:6814: : '-?'
configure:6822: result: no
configure:7454: checking how to run the C preprocessor
configure:7485: gcc -E  conftest.c
configure:7485: $? = 0
configure:7499: gcc -E  conftest.c
conftest.c:11:28: fatal error: ac_nonexistent.h: No such file or directory
compilation terminated.
configure:7499: $? = 1
configure: failed program was:
| /* confdefs.h */
| #define PACKAGE_NAME "bullet"
| #define PACKAGE_TARNAME "bullet"
| #define PACKAGE_VERSION "2.79"
| #define PACKAGE_STRING "bullet 2.79"
| #define PACKAGE_BUGREPORT "bullet@erwincoumans.com"
| #define PACKAGE_URL ""
| #define PACKAGE "bullet"
| #define VERSION "2.79"
| /* end confdefs.h.  */
| #include <ac_nonexistent.h>
configure:7524: result: gcc -E
configure:7544: gcc -E  conftest.c
configure:7544: $? = 0
configure:7558: gcc -E  conftest.c
conftest.c:11:28: fatal error: ac_nonexistent.h: No such file or directory
compilation terminated.
configure:7558: $? = 1
configure: failed program was:
| /* confdefs.h */
| #define PACKAGE_NAME "bullet"
| #define PACKAGE_TARNAME "bullet"
| #define PACKAGE_VERSION "2.79"
| #define PACKAGE_STRING "bullet 2.79"
| #define PACKAGE_BUGREPORT "bullet@erwincoumans.com"
| #define PACKAGE_URL ""
| #define PACKAGE "bullet"
| #define VERSION "2.79"
| /* end confdefs.h.  */
| #include <ac_nonexistent.h>
configure:7587: checking for ANSI C header files
configure:7607: gcc -c -g -O2  conftest.c >&5
configure:7607: $? = 0
configure:7680: gcc -o conftest -g -O2   conftest.c  >&5
configure:7680: $? = 0
configure:7680: ./conftest
configure:7680: $? = 0
configure:7691: result: yes
configure:7704: checking for sys/types.h
configure:7704: gcc -c -g -O2  conftest.c >&5
configure:7704: $? = 0
configure:7704: result: yes
configure:7704: checking for sys/stat.h
configure:7704: gcc -c -g -O2  conftest.c >&5
configure:7704: $? = 0
configure:7704: result: yes
configure:7704: checking for stdlib.h
configure:7704: gcc -c -g -O2  conftest.c >&5
configure:7704: $? = 0
configure:7704: result: yes
configure:7704: checking for string.h
configure:7704: gcc -c -g -O2  conftest.c >&5
configure:7704: $? = 0
configure:7704: result: yes
configure:7704: checking for memory.h
configure:7704: gcc -c -g -O2  conftest.c >&5
configure:7704: $? = 0
configure:7704: result: yes
configure:7704: checking for strings.h
configure:7704: gcc -c -g -O2  conftest.c >&5
configure:7704: $? = 0
configure:7704: result: yes
configure:7704: checking for inttypes.h
configure:7704: gcc -c -g -O2  conftest.c >&5
configure:7704: $? = 0
configure:7704: result: yes
configure:7704: checking for stdint.h
configure:7704: gcc -c -g -O2  conftest.c >&5
configure:7704: $? = 0
configure:7704: result: yes
configure:7704: checking for unistd.h
configure:7704: gcc -c -g -O2  conftest.c >&5
configure:7704: $? = 0
configure:7704: result: yes
configure:7718: checking for dlfcn.h
configure:7718: gcc -c -g -O2  conftest.c >&5
configure:7718: $? = 0
configure:7718: result: yes
configure:7916: checking for objdir
configure:7931: result: .libs
configure:8198: checking if gcc supports -fno-rtti -fno-exceptions
configure:8216: gcc -c -g -O2  -fno-rtti -fno-exceptions conftest.c >&5
cc1: warning: command line option '-fno-rtti' is valid for C++/ObjC++ but not for C [enabled by default]
configure:8220: $? = 0
configure:8233: result: no
configure:8543: checking for gcc option to produce PIC
configure:8550: result: -fPIC -DPIC
configure:8558: checking if gcc PIC flag -fPIC -DPIC works
configure:8576: gcc -c -g -O2  -fPIC -DPIC -DPIC conftest.c >&5
configure:8580: $? = 0
configure:8593: result: yes
configure:8622: checking if gcc static flag -static works
configure:8650: result: yes
configure:8665: checking if gcc supports -c -o file.o
configure:8686: gcc -c -g -O2  -o out/conftest2.o conftest.c >&5
configure:8690: $? = 0
configure:8712: result: yes
configure:8720: checking if gcc supports -c -o file.o
configure:8767: result: yes
configure:8800: checking whether the gcc linker (/usr/bin/ld -m elf_x86_64) supports shared libraries
configure:9958: result: yes
configure:9995: checking whether -lc should be explicitly linked in
configure:10003: gcc -c -g -O2  conftest.c >&5
configure:10006: $? = 0
configure:10021: gcc -shared  -fPIC -DPIC conftest.o  -v -Wl,-soname -Wl,conftest -o conftest 2\>\&1 \| /bin/grep  -lc  \>/dev/null 2\>\&1
configure:10024: $? = 0
configure:10038: result: no
configure:10203: checking dynamic linker characteristics
configure:10717: gcc -o conftest -g -O2   -Wl,-rpath -Wl,/foo conftest.c  >&5
configure:10717: $? = 0
configure:10939: result: GNU/Linux ld.so
configure:11046: checking how to hardcode library paths into programs
configure:11071: result: immediate
configure:11611: checking whether stripping libraries is possible
configure:11616: result: yes
configure:11651: checking if libtool supports shared libraries
configure:11653: result: yes
configure:11656: checking whether to build shared libraries
configure:11677: result: yes
configure:11680: checking whether to build static libraries
configure:11684: result: yes
configure:11707: checking how to run the C++ preprocessor
configure:11734: g++ -E  conftest.cpp
configure:11734: $? = 0
configure:11748: g++ -E  conftest.cpp
conftest.cpp:23:28: fatal error: ac_nonexistent.h: No such file or directory
compilation terminated.
configure:11748: $? = 1
configure: failed program was:
| /* confdefs.h */
| #define PACKAGE_NAME "bullet"
| #define PACKAGE_TARNAME "bullet"
| #define PACKAGE_VERSION "2.79"
| #define PACKAGE_STRING "bullet 2.79"
| #define PACKAGE_BUGREPORT "bullet@erwincoumans.com"
| #define PACKAGE_URL ""
| #define PACKAGE "bullet"
| #define VERSION "2.79"
| #define STDC_HEADERS 1
| #define HAVE_SYS_TYPES_H 1
| #define HAVE_SYS_STAT_H 1
| #define HAVE_STDLIB_H 1
| #define HAVE_STRING_H 1
| #define HAVE_MEMORY_H 1
| #define HAVE_STRINGS_H 1
| #define HAVE_INTTYPES_H 1
| #define HAVE_STDINT_H 1
| #define HAVE_UNISTD_H 1
| #define HAVE_DLFCN_H 1
| #define LT_OBJDIR ".libs/"
| /* end confdefs.h.  */
| #include <ac_nonexistent.h>
configure:11773: result: g++ -E
configure:11793: g++ -E  conftest.cpp
configure:11793: $? = 0
configure:11807: g++ -E  conftest.cpp
conftest.cpp:23:28: fatal error: ac_nonexistent.h: No such file or directory
compilation terminated.
configure:11807: $? = 1
configure: failed program was:
| /* confdefs.h */
| #define PACKAGE_NAME "bullet"
| #define PACKAGE_TARNAME "bullet"
| #define PACKAGE_VERSION "2.79"
| #define PACKAGE_STRING "bullet 2.79"
| #define PACKAGE_BUGREPORT "bullet@erwincoumans.com"
| #define PACKAGE_URL ""
| #define PACKAGE "bullet"
| #define VERSION "2.79"
| #define STDC_HEADERS 1
| #define HAVE_SYS_TYPES_H 1
| #define HAVE_SYS_STAT_H 1
| #define HAVE_STDLIB_H 1
| #define HAVE_STRING_H 1
| #define HAVE_MEMORY_H 1
| #define HAVE_STRINGS_H 1
| #define HAVE_INTTYPES_H 1
| #define HAVE_STDINT_H 1
| #define HAVE_UNISTD_H 1
| #define HAVE_DLFCN_H 1
| #define LT_OBJDIR ".libs/"
| /* end confdefs.h.  */
| #include <ac_nonexistent.h>
configure:11977: checking for ld used by g++
configure:12044: result: /usr/bin/ld -m elf_x86_64
configure:12051: checking if the linker (/usr/bin/ld -m elf_x86_64) is GNU ld
configure:12066: result: yes
configure:12121: checking whether the g++ linker (/usr/bin/ld -m elf_x86_64) supports shared libraries
configure:13125: result: yes
configure:13160: g++ -c -g -O2  conftest.cpp >&5
configure:13163: $? = 0
configure:13683: checking for g++ option to produce PIC
configure:13690: result: -fPIC -DPIC
configure:13698: checking if g++ PIC flag -fPIC -DPIC works
configure:13716: g++ -c -g -O2  -fPIC -DPIC -DPIC conftest.cpp >&5
configure:13720: $? = 0
configure:13733: result: yes
configure:13756: checking if g++ static flag -static works
configure:13784: result: yes
configure:13796: checking if g++ supports -c -o file.o
configure:13817: g++ -c -g -O2  -o out/conftest2.o conftest.cpp >&5
configure:13821: $? = 0
configure:13843: result: yes
configure:13848: checking if g++ supports -c -o file.o
configure:13895: result: yes
configure:13925: checking whether the g++ linker (/usr/bin/ld -m elf_x86_64) supports shared libraries
configure:13959: result: yes
configure:14102: checking dynamic linker characteristics
configure:14772: result: GNU/Linux ld.so
configure:14825: checking how to hardcode library paths into programs
configure:14850: result: immediate
configure:14965: checking whether byte ordering is bigendian
configure:14980: gcc -c -g -O2  conftest.c >&5
conftest.c:26:9: error: unknown type name 'not'
conftest.c:26:15: error: expected '=', ',', ';', 'asm' or '__attribute__' before 'universal'
conftest.c:26:15: error: unknown type name 'universal'
configure:14980: $? = 1
configure: failed program was:
| /* confdefs.h */
| #define PACKAGE_NAME "bullet"
| #define PACKAGE_TARNAME "bullet"
| #define PACKAGE_VERSION "2.79"
| #define PACKAGE_STRING "bullet 2.79"
| #define PACKAGE_BUGREPORT "bullet@erwincoumans.com"
| #define PACKAGE_URL ""
| #define PACKAGE "bullet"
| #define VERSION "2.79"
| #define STDC_HEADERS 1
| #define HAVE_SYS_TYPES_H 1
| #define HAVE_SYS_STAT_H 1
| #define HAVE_STDLIB_H 1
| #define HAVE_STRING_H 1
| #define HAVE_MEMORY_H 1
| #define HAVE_STRINGS_H 1
| #define HAVE_INTTYPES_H 1
| #define HAVE_STDINT_H 1
| #define HAVE_UNISTD_H 1
| #define HAVE_DLFCN_H 1
| #define LT_OBJDIR ".libs/"
| #define PLATFORM_LINUX 1
| #define ARCH_X86_64 1
| /* end confdefs.h.  */
| #ifndef __APPLE_CC__
| 	       not a universal capable compiler
| 	     #endif
| 	     typedef int dummy;
| 
configure:15025: gcc -c -g -O2  conftest.c >&5
configure:15025: $? = 0
configure:15043: gcc -c -g -O2  conftest.c >&5
conftest.c: In function 'main':
conftest.c:32:4: error: unknown type name 'not'
conftest.c:32:12: error: expected '=', ',', ';', 'asm' or '__attribute__' before 'endian'
configure:15043: $? = 1
configure: failed program was:
| /* confdefs.h */
| #define PACKAGE_NAME "bullet"
| #define PACKAGE_TARNAME "bullet"
| #define PACKAGE_VERSION "2.79"
| #define PACKAGE_STRING "bullet 2.79"
| #define PACKAGE_BUGREPORT "bullet@erwincoumans.com"
| #define PACKAGE_URL ""
| #define PACKAGE "bullet"
| #define VERSION "2.79"
| #define STDC_HEADERS 1
| #define HAVE_SYS_TYPES_H 1
| #define HAVE_SYS_STAT_H 1
| #define HAVE_STDLIB_H 1
| #define HAVE_STRING_H 1
| #define HAVE_MEMORY_H 1
| #define HAVE_STRINGS_H 1
| #define HAVE_INTTYPES_H 1
| #define HAVE_STDINT_H 1
| #define HAVE_UNISTD_H 1
| #define HAVE_DLFCN_H 1
| #define LT_OBJDIR ".libs/"
| #define PLATFORM_LINUX 1
| #define ARCH_X86_64 1
| /* end confdefs.h.  */
| #include <sys/types.h>
| 		#include <sys/param.h>
| 
| int
| main ()
| {
| #if BYTE_ORDER != BIG_ENDIAN
| 		 not big endian
| 		#endif
| 
|   ;
|   return 0;
| }
configure:15171: result: no
configure:15206: checking BulletMultiThreaded
configure:15213: result: no
configure:15251: checking for GL/gl.h
configure:15251: gcc -c -g -O2  conftest.c >&5
configure:15251: $? = 0
configure:15251: result: yes
configure:15251: checking for GL/glu.h
configure:15251: gcc -c -g -O2  conftest.c >&5
configure:15251: $? = 0
configure:15251: result: yes
configure:15251: checking for GL/glext.h
configure:15251: gcc -c -g -O2  conftest.c >&5
configure:15251: $? = 0
configure:15251: result: yes
configure:15251: checking for GL/glut.h
configure:15251: gcc -c -g -O2  conftest.c >&5
configure:15251: $? = 0
configure:15251: result: yes
configure:15277: checking for main in -lGL
configure:15296: gcc -o conftest -g -O2   conftest.c -lGL   >&5
configure:15296: $? = 0
configure:15305: result: yes
configure:15311: checking for main in -lGLU
configure:15330: gcc -o conftest -g -O2   conftest.c -lGLU -lGL  >&5
configure:15330: $? = 0
configure:15339: result: yes
configure:15345: checking for main in -lGLUT
configure:15364: gcc -o conftest -g -O2   conftest.c -lGLUT -lGLUT  >&5
/usr/bin/ld: cannot find -lGLUT
/usr/bin/ld: cannot find -lGLUT
collect2: ld returned 1 exit status
configure:15364: $? = 1
configure: failed program was:
| /* confdefs.h */
| #define PACKAGE_NAME "bullet"
| #define PACKAGE_TARNAME "bullet"
| #define PACKAGE_VERSION "2.79"
| #define PACKAGE_STRING "bullet 2.79"
| #define PACKAGE_BUGREPORT "bullet@erwincoumans.com"
| #define PACKAGE_URL ""
| #define PACKAGE "bullet"
| #define VERSION "2.79"
| #define STDC_HEADERS 1
| #define HAVE_SYS_TYPES_H 1
| #define HAVE_SYS_STAT_H 1
| #define HAVE_STDLIB_H 1
| #define HAVE_STRING_H 1
| #define HAVE_MEMORY_H 1
| #define HAVE_STRINGS_H 1
| #define HAVE_INTTYPES_H 1
| #define HAVE_STDINT_H 1
| #define HAVE_UNISTD_H 1
| #define HAVE_DLFCN_H 1
| #define LT_OBJDIR ".libs/"
| #define PLATFORM_LINUX 1
| #define ARCH_X86_64 1
| #define HAVE_GL_GL_H 1
| #define HAVE_GL_GLU_H 1
| #define HAVE_GL_GLEXT_H 1
| #define HAVE_GL_GLUT_H 1
| /* end confdefs.h.  */
| 
| 
| int
| main ()
| {
| return main ();
|   ;
|   return 0;
| }
configure:15373: result: no
configure:15379: checking for main in -lopengl32
configure:15398: gcc -o conftest -g -O2   conftest.c -lopengl32   >&5
/usr/bin/ld: cannot find -lopengl32
collect2: ld returned 1 exit status
configure:15398: $? = 1
configure: failed program was:
| /* confdefs.h */
| #define PACKAGE_NAME "bullet"
| #define PACKAGE_TARNAME "bullet"
| #define PACKAGE_VERSION "2.79"
| #define PACKAGE_STRING "bullet 2.79"
| #define PACKAGE_BUGREPORT "bullet@erwincoumans.com"
| #define PACKAGE_URL ""
| #define PACKAGE "bullet"
| #define VERSION "2.79"
| #define STDC_HEADERS 1
| #define HAVE_SYS_TYPES_H 1
| #define HAVE_SYS_STAT_H 1
| #define HAVE_STDLIB_H 1
| #define HAVE_STRING_H 1
| #define HAVE_MEMORY_H 1
| #define HAVE_STRINGS_H 1
| #define HAVE_INTTYPES_H 1
| #define HAVE_STDINT_H 1
| #define HAVE_UNISTD_H 1
| #define HAVE_DLFCN_H 1
| #define LT_OBJDIR ".libs/"
| #define PLATFORM_LINUX 1
| #define ARCH_X86_64 1
| #define HAVE_GL_GL_H 1
| #define HAVE_GL_GLU_H 1
| #define HAVE_GL_GLEXT_H 1
| #define HAVE_GL_GLUT_H 1
| /* end confdefs.h.  */
| 
| 
| int
| main ()
| {
| return main ();
|   ;
|   return 0;
| }
configure:15407: result: no
configure:15413: checking for main in -lglu32
configure:15432: gcc -o conftest -g -O2   conftest.c -lglu32 -lopengl32  >&5
/usr/bin/ld: cannot find -lglu32
/usr/bin/ld: cannot find -lopengl32
collect2: ld returned 1 exit status
configure:15432: $? = 1
configure: failed program was:
| /* confdefs.h */
| #define PACKAGE_NAME "bullet"
| #define PACKAGE_TARNAME "bullet"
| #define PACKAGE_VERSION "2.79"
| #define PACKAGE_STRING "bullet 2.79"
| #define PACKAGE_BUGREPORT "bullet@erwincoumans.com"
| #define PACKAGE_URL ""
| #define PACKAGE "bullet"
| #define VERSION "2.79"
| #define STDC_HEADERS 1
| #define HAVE_SYS_TYPES_H 1
| #define HAVE_SYS_STAT_H 1
| #define HAVE_STDLIB_H 1
| #define HAVE_STRING_H 1
| #define HAVE_MEMORY_H 1
| #define HAVE_STRINGS_H 1
| #define HAVE_INTTYPES_H 1
| #define HAVE_STDINT_H 1
| #define HAVE_UNISTD_H 1
| #define HAVE_DLFCN_H 1
| #define LT_OBJDIR ".libs/"
| #define PLATFORM_LINUX 1
| #define ARCH_X86_64 1
| #define HAVE_GL_GL_H 1
| #define HAVE_GL_GLU_H 1
| #define HAVE_GL_GLEXT_H 1
| #define HAVE_GL_GLUT_H 1
| /* end confdefs.h.  */
| 
| 
| int
| main ()
| {
| return main ();
|   ;
|   return 0;
| }
configure:15441: result: no
configure:15455: Found OpenGL
configure:15463: Building Bullet demos
configure:15485: checking build mode
configure:15492: result: optimize
configure:15651: creating ./config.status

## ---------------------- ##
## Running config.status. ##
## ---------------------- ##

This file was extended by bullet config.status 2.79, which was
generated by GNU Autoconf 2.68.  Invocation command line was

  CONFIG_FILES    = 
  CONFIG_HEADERS  = 
  CONFIG_LINKS    = 
  CONFIG_COMMANDS = 
  $ ./config.status 

on magdalene

config.status:1129: creating bullet.pc
config.status:1129: creating Makefile
config.status:1129: creating Demos/Makefile
config.status:1129: creating Demos/SoftDemo/Makefile
config.status:1129: creating Demos/AllBulletDemos/Makefile
config.status:1129: creating Demos/MultiThreadedDemo/Makefile
config.status:1129: creating Demos/OpenGL/Makefile
config.status:1129: creating Demos/BasicDemo/Makefile
config.status:1129: creating Demos/CcdPhysicsDemo/Makefile
config.status:1129: creating Demos/VehicleDemo/Makefile
config.status:1129: creating Demos/TerrainDemo/Makefile
config.status:1129: creating src/Makefile
config.status:1129: creating Extras/Makefile
config.status:1129: creating config.h
config.status:1391: executing depfiles commands
config.status:1391: executing libtool commands
configure:18197:

Please type 'make' to build Bullet


## ---------------- ##
## Cache variables. ##
## ---------------- ##

ac_cv_build=x86_64-unknown-linux-gnu
ac_cv_c_bigendian=no
ac_cv_c_compiler_gnu=yes
ac_cv_cxx_compiler_gnu=yes
ac_cv_env_CCC_set=
ac_cv_env_CCC_value=
ac_cv_env_CC_set=
ac_cv_env_CC_value=
ac_cv_env_CFLAGS_set=
ac_cv_env_CFLAGS_value=
ac_cv_env_CPPFLAGS_set=
ac_cv_env_CPPFLAGS_value=
ac_cv_env_CPP_set=
ac_cv_env_CPP_value=
ac_cv_env_CXXCPP_set=
ac_cv_env_CXXCPP_value=
ac_cv_env_CXXFLAGS_set=
ac_cv_env_CXXFLAGS_value=
ac_cv_env_CXX_set=
ac_cv_env_CXX_value=
ac_cv_env_LDFLAGS_set=
ac_cv_env_LDFLAGS_value=
ac_cv_env_LIBS_set=
ac_cv_env_LIBS_value=
ac_cv_env_build_alias_set=
ac_cv_env_build_alias_value=
ac_cv_env_host_alias_set=
ac_cv_env_host_alias_value=
ac_cv_env_target_alias_set=
ac_cv_env_target_alias_value=
ac_cv_header_GL_gl_h=yes
ac_cv_header_GL_glext_h=yes
ac_cv_header_GL_glu_h=yes
ac_cv_header_GL_glut_h=yes
ac_cv_header_dlfcn_h=yes
ac_cv_header_inttypes_h=yes
ac_cv_header_memory_h=yes
ac_cv_header_stdc=yes
ac_cv_header_stdint_h=yes
ac_cv_header_stdlib_h=yes
ac_cv_header_string_h=yes
ac_cv_header_strings_h=yes
ac_cv_header_sys_stat_h=yes
ac_cv_header_sys_types_h=yes
ac_cv_header_unistd_h=yes
ac_cv_host=x86_64-unknown-linux-gnu
ac_cv_lib_GLUT_main=no
ac_cv_lib_GLU_main=yes
ac_cv_lib_GL_main=yes
ac_cv_lib_glu32_main=no
ac_cv_lib_opengl32_main=no
ac_cv_objext=o
ac_cv_path_EGREP='/bin/grep -E'
ac_cv_path_FGREP='/bin/grep -F'
ac_cv_path_GREP=/bin/grep
ac_cv_path_SED=/bin/sed
ac_cv_path_install='/bin/install -c'
ac_cv_path_mkdir=/bin/mkdir
ac_cv_prog_AWK=gawk
ac_cv_prog_CPP='gcc -E'
ac_cv_prog_CXXCPP='g++ -E'
ac_cv_prog_ac_ct_AR=ar
ac_cv_prog_ac_ct_CC=gcc
ac_cv_prog_ac_ct_CXX=g++
ac_cv_prog_ac_ct_OBJDUMP=objdump
ac_cv_prog_ac_ct_RANLIB=ranlib
ac_cv_prog_ac_ct_STRIP=strip
ac_cv_prog_cc_c89=
ac_cv_prog_cc_g=yes
ac_cv_prog_cc_gcc_c_o=yes
ac_cv_prog_cxx_g=yes
ac_cv_prog_make_make_set=yes
am_cv_CC_dependencies_compiler_type=gcc3
am_cv_CXX_dependencies_compiler_type=gcc3
lt_cv_ar_at_file=@
lt_cv_archive_cmds_need_lc=no
lt_cv_deplibs_check_method=pass_all
lt_cv_file_magic_cmd='$MAGIC_CMD'
lt_cv_file_magic_test_file=
lt_cv_ld_reload_flag=-r
lt_cv_nm_interface='BSD nm'
lt_cv_objdir=.libs
lt_cv_path_LD=/usr/bin/ld
lt_cv_path_LDCXX='/usr/bin/ld -m elf_x86_64'
lt_cv_path_NM='/usr/bin/nm -B'
lt_cv_path_mainfest_tool=no
lt_cv_prog_compiler_c_o=yes
lt_cv_prog_compiler_c_o_CXX=yes
lt_cv_prog_compiler_pic='-fPIC -DPIC'
lt_cv_prog_compiler_pic_CXX='-fPIC -DPIC'
lt_cv_prog_compiler_pic_works=yes
lt_cv_prog_compiler_pic_works_CXX=yes
lt_cv_prog_compiler_rtti_exceptions=no
lt_cv_prog_compiler_static_works=yes
lt_cv_prog_compiler_static_works_CXX=yes
lt_cv_prog_gnu_ld=yes
lt_cv_prog_gnu_ldcxx=yes
lt_cv_sharedlib_from_linklib_cmd='printf %s\n'
lt_cv_shlibpath_overrides_runpath=no
lt_cv_sys_global_symbol_pipe='sed -n -e '\''s/^.*[	 ]\([ABCDGIRSTW][ABCDGIRSTW]*\)[	 ][	 ]*\([_A-Za-z][_A-Za-z0-9]*\)$/\1 \2 \2/p'\'' | sed '\''/ __gnu_lto/d'\'''
lt_cv_sys_global_symbol_to_c_name_address='sed -n -e '\''s/^: \([^ ]*\)[ ]*$/  {\"\1\", (void *) 0},/p'\'' -e '\''s/^[ABCDGIRSTW]* \([^ ]*\) \([^ ]*\)$/  {"\2", (void *) \&\2},/p'\'''
lt_cv_sys_global_symbol_to_c_name_address_lib_prefix='sed -n -e '\''s/^: \([^ ]*\)[ ]*$/  {\"\1\", (void *) 0},/p'\'' -e '\''s/^[ABCDGIRSTW]* \([^ ]*\) \(lib[^ ]*\)$/  {"\2", (void *) \&\2},/p'\'' -e '\''s/^[ABCDGIRSTW]* \([^ ]*\) \([^ ]*\)$/  {"lib\2", (void *) \&\2},/p'\'''
lt_cv_sys_global_symbol_to_cdecl='sed -n -e '\''s/^T .* \(.*\)$/extern int \1();/p'\'' -e '\''s/^[ABCDGIRSTW]* .* \(.*\)$/extern char \1;/p'\'''
lt_cv_sys_max_cmd_len=1572864
lt_cv_to_host_file_cmd=func_convert_file_noop
lt_cv_to_tool_file_cmd=func_convert_file_noop

## ----------------- ##
## Output variables. ##
## ----------------- ##

ACLOCAL='${SHELL} /home/shd/src/nawia/client/3d/src/impl/bullet/ex/missing --run aclocal-1.11'
AMDEPBACKSLASH='\'
AMDEP_FALSE='#'
AMDEP_TRUE=''
AMTAR='${SHELL} /home/shd/src/nawia/client/3d/src/impl/bullet/ex/missing --run tar'
AR='ar'
AUTOCONF='${SHELL} /home/shd/src/nawia/client/3d/src/impl/bullet/ex/missing --run autoconf'
AUTOHEADER='${SHELL} /home/shd/src/nawia/client/3d/src/impl/bullet/ex/missing --run autoheader'
AUTOMAKE='${SHELL} /home/shd/src/nawia/client/3d/src/impl/bullet/ex/missing --run automake-1.11'
AWK='gawk'
CC='gcc'
CCDEPMODE='depmode=gcc3'
CFLAGS='-DUSE_ADDR64 -g -O2'
CONDITIONAL_BUILD_DEMOS_FALSE='#'
CONDITIONAL_BUILD_DEMOS_TRUE=''
CONDITIONAL_BUILD_MULTITHREADED_FALSE=''
CONDITIONAL_BUILD_MULTITHREADED_TRUE='#'
CPP='gcc -E'
CPPFLAGS=''
CXX='g++'
CXXCPP='g++ -E'
CXXDEPMODE='depmode=gcc3'
CXXFLAGS='-DUSE_ADDR64 -g -O2 -DUSE_ADDR64 -g -O2'
CYGPATH_W='echo'
DEFS='-DHAVE_CONFIG_H'
DEPDIR='.deps'
DLLTOOL='false'
DSYMUTIL=''
DUMPBIN=''
ECHO_C=''
ECHO_N='-n'
ECHO_T=''
EGREP='/bin/grep -E'
EXEEXT=''
FGREP='/bin/grep -F'
GL_LIBS='-lGLU -lGL'
GREP='/bin/grep'
INSTALL_DATA='${INSTALL} -m 644'
INSTALL_PROGRAM='${INSTALL}'
INSTALL_SCRIPT='${INSTALL}'
INSTALL_STRIP_PROGRAM='$(install_sh) -c -s'
LD='/usr/bin/ld -m elf_x86_64'
LDFLAGS=''
LIBOBJS=''
LIBS=''
LIBTOOL='$(SHELL) $(top_builddir)/libtool'
LIPO=''
LN_S='ln -s'
LTLIBOBJS=''
MAKEINFO='${SHELL} /home/shd/src/nawia/client/3d/src/impl/bullet/ex/missing --run makeinfo'
MANIFEST_TOOL=':'
MKDIR_P='/bin/mkdir -p'
NM='/usr/bin/nm -B'
NMEDIT=''
OBJDUMP='objdump'
OBJEXT='o'
OTOOL64=''
OTOOL=''
PACKAGE='bullet'
PACKAGE_BUGREPORT='bullet@erwincoumans.com'
PACKAGE_NAME='bullet'
PACKAGE_STRING='bullet 2.79'
PACKAGE_TARNAME='bullet'
PACKAGE_URL=''
PACKAGE_VERSION='2.79'
PATH_SEPARATOR=':'
RANLIB='ranlib'
SED='/bin/sed'
SET_MAKE=''
SHELL='/bin/sh'
STRIP='strip'
VERSION='2.79'
ac_ct_AR='ar'
ac_ct_CC='gcc'
ac_ct_CXX='g++'
ac_ct_DUMPBIN=''
am__EXEEXT_FALSE=''
am__EXEEXT_TRUE='#'
am__fastdepCC_FALSE='#'
am__fastdepCC_TRUE=''
am__fastdepCXX_FALSE='#'
am__fastdepCXX_TRUE=''
am__include='include'
am__isrc=''
am__leading_dot='.'
am__quote=''
am__tar='${AMTAR} chof - "$$tardir"'
am__untar='${AMTAR} xf -'
bindir='${exec_prefix}/bin'
build='x86_64-unknown-linux-gnu'
build_alias=''
build_cpu='x86_64'
build_os='linux-gnu'
build_vendor='unknown'
datadir='${datarootdir}'
datarootdir='${prefix}/share'
docdir='${datarootdir}/doc/${PACKAGE_TARNAME}'
dvidir='${docdir}'
exec_prefix='${prefix}'
host='x86_64-unknown-linux-gnu'
host_alias=''
host_cpu='x86_64'
host_os='linux-gnu'
host_vendor='unknown'
htmldir='${docdir}'
includedir='${prefix}/include'
infodir='${datarootdir}/info'
install_sh='${SHELL} /home/shd/src/nawia/client/3d/src/impl/bullet/ex/install-sh'
libdir='${exec_prefix}/lib'
libexecdir='${exec_prefix}/libexec'
localedir='${datarootdir}/locale'
localstatedir='${prefix}/var'
mandir='${datarootdir}/man'
mkdir_p='/bin/mkdir -p'
oldincludedir='/usr/include'
opengl_LIBS='-lGL -lGLU -lglut'
pdfdir='${docdir}'
prefix='/usr/local'
program_transform_name='s,x,x,'
psdir='${docdir}'
sbindir='${exec_prefix}/sbin'
sharedstatedir='${prefix}/com'
sysconfdir='${prefix}/etc'
target_alias=''

## ----------- ##
## confdefs.h. ##
## ----------- ##

/* confdefs.h */
#define PACKAGE_NAME "bullet"
#define PACKAGE_TARNAME "bullet"
#define PACKAGE_VERSION "2.79"
#define PACKAGE_STRING "bullet 2.79"
#define PACKAGE_BUGREPORT "bullet@erwincoumans.com"
#define PACKAGE_URL ""
#define PACKAGE "bullet"
#define VERSION "2.79"
#define STDC_HEADERS 1
#define HAVE_SYS_TYPES_H 1
#define HAVE_SYS_STAT_H 1
#define HAVE_STDLIB_H 1
#define HAVE_STRING_H 1
#define HAVE_MEMORY_H 1
#define HAVE_STRINGS_H 1
#define HAVE_INTTYPES_H 1
#define HAVE_STDINT_H 1
#define HAVE_UNISTD_H 1
#define HAVE_DLFCN_H 1
#define LT_OBJDIR ".libs/"
#define PLATFORM_LINUX 1
#define ARCH_X86_64 1
#define HAVE_GL_GL_H 1
#define HAVE_GL_GLU_H 1
#define HAVE_GL_GLEXT_H 1
#define HAVE_GL_GLUT_H 1

configure: exit 0

## ---------------------- ##
## Running config.status. ##
## ---------------------- ##

This file was extended by bullet config.status 2.79, which was
generated by GNU Autoconf 2.68.  Invocation command line was

  CONFIG_FILES    = 
  CONFIG_HEADERS  = 
  CONFIG_LINKS    = 
  CONFIG_COMMANDS = 
  $ ./config.status config.h

on magdalene

config.status:1129: creating config.h
config.status:1343: config.h is unchanged
