This file contains any messages produced by compilers while
running ./compile.sh, to aid debugging if ./compile.sh makes a mistake.

./compile.sh: checking whether we are using GNU C
./compile.sh: cc -E conftest.c
./compile.sh: Checking for X11 RandR support
./compile.sh: cc -c  conftest.c 1>&5
conftest.c:1:22: fatal error: X11/Xlib.h: No such file or directory
compilation terminated.
./compile.sh: failed program was:
#include <X11/Xlib.h>
#include <X11/extensions/Xrandr.h>

int main() {; return 0;}
./compile.sh: Checking for X11 VidMode support
./compile.sh: cc -c  conftest.c 1>&5
conftest.c:1:22: fatal error: X11/Xlib.h: No such file or directory
compilation terminated.
./compile.sh: failed program was:
#include <X11/Xlib.h>
#include <X11/extensions/xf86vmode.h>

#if defined(__APPLE_CC__)
#error Not supported under Mac OS X
#endif

int main() {; return 0;}
./compile.sh: Checking for pthread support
./compile.sh: cc -o conftest  -pthread conftest.c  -lGL -pthread 1>&5
c:/mingw/bin/../lib/gcc/mingw32/4.7.0/../../../../mingw32/bin/ld.exe: cannot find -lGL
collect2.exe: error: ld returned 1 exit status
./compile.sh: failed program was:
#include <pthread.h>
int main() {pthread_t posixID; posixID=pthread_self(); return 0;}
./compile.sh: cc -o conftest  -D_REENTRANT conftest.c  -lGL -lpthread 1>&5
c:/mingw/bin/../lib/gcc/mingw32/4.7.0/../../../../mingw32/bin/ld.exe: cannot find -lGL
collect2.exe: error: ld returned 1 exit status
./compile.sh: failed program was:
#include <pthread.h>
int main() {pthread_t posixID; posixID=pthread_self(); return 0;}
./compile.sh: cc -o conftest   conftest.c  -lGL -lsocket 1>&5
c:/mingw/bin/../lib/gcc/mingw32/4.7.0/../../../../mingw32/bin/ld.exe: cannot find -lGL
c:/mingw/bin/../lib/gcc/mingw32/4.7.0/../../../../mingw32/bin/ld.exe: cannot find -lsocket
collect2.exe: error: ld returned 1 exit status
./compile.sh: failed program was:
#include <pthread.h>
int main() {pthread_t posixID; posixID=pthread_self(); return 0;}
./compile.sh: Checking for clock_gettime
./compile.sh: cc -o conftest  conftest.c  1>&5
conftest.c: In function 'main':
conftest.c:7:2: error: #error "clock_gettime support not detected"
./compile.sh: failed program was:
#include <time.h>
#include <unistd.h>
int main() {
#if defined( CLOCK_MONOTONIC )
clock_gettime(0, 0);
#else
#error "clock_gettime support not detected"
#endif
return 0;}
./compile.sh: cc -o conftest  conftest.c -lrt 1>&5
conftest.c: In function 'main':
conftest.c:7:2: error: #error "clock_gettime support not detected"
./compile.sh: failed program was:
#include <time.h>
#include <unistd.h>
int main() {
#if defined( CLOCK_MONOTONIC )
clock_gettime(0, 0);
#else
#error "clock_gettime support not detected"
#endif
return 0;}
./compile.sh: Checking for glXGetProcAddress variants
./compile.sh: cc -o conftest  conftest.c  -lGL 1>&5
conftest.c:1:22: fatal error: X11/Xlib.h: No such file or directory
compilation terminated.
./compile.sh: failed program was:
#include <X11/Xlib.h>
#include <GL/glx.h>
#include <GL/gl.h>
int main() {void *ptr=(void*)glXGetProcAddress("glFun"); return 0;}
./compile.sh: cc -o conftest  conftest.c  -lGL 1>&5
conftest.c:1:22: fatal error: X11/Xlib.h: No such file or directory
compilation terminated.
./compile.sh: failed program was:
#include <X11/Xlib.h>
#include <GL/glx.h>
#include <GL/gl.h>
int main() {void *ptr=(void*)glXGetProcAddressARB("glFun"); return 0;}
./compile.sh: cc -o conftest  conftest.c  -lGL 1>&5
conftest.c:1:22: fatal error: X11/Xlib.h: No such file or directory
compilation terminated.
./compile.sh: failed program was:
#include <X11/Xlib.h>
#include <GL/glx.h>
#include <GL/gl.h>
int main() {void *ptr=(void*)glXGetProcAddressEXT("glFun"); return 0;}
./compile.sh: Checking for dlopen
./compile.sh: cc -o conftest  conftest.c  -lGL 1>&5
conftest.c:1:19: fatal error: dlfcn.h: No such file or directory
compilation terminated.
./compile.sh: failed program was:
#include <dlfcn.h>
int main() {void *l=dlopen("libGL.so",RTLD_LAZY|RTLD_GLOBAL); return 0;}
./compile.sh: cc -o conftest  conftest.c  -lGL -ldl 1>&5
conftest.c:1:19: fatal error: dlfcn.h: No such file or directory
compilation terminated.
./compile.sh: failed program was:
#include <dlfcn.h>
int main() {void *l=dlopen("libGL.so",RTLD_LAZY|RTLD_GLOBAL); return 0;}
./compile.sh: Checking for sysconf
./compile.sh: cc -o conftest  conftest.c  -lGL 1>&5
conftest.c:4:2: error: #error Neither _SC_NPROCESSORS_ONLN nor _SC_NPROC_ONLN available
conftest.c: In function 'main':
conftest.c:7:28: error: '_SC_ARG_MAX' undeclared (first use in this function)
conftest.c:7:28: note: each undeclared identifier is reported only once for each function it appears in
./compile.sh: failed program was:
#include <unistd.h>
#ifndef _SC_NPROCESSORS_ONLN
#ifndef _SC_NPROC_ONLN
#error Neither _SC_NPROCESSORS_ONLN nor _SC_NPROC_ONLN available
#endif
#endif
int main() {long x=sysconf(_SC_ARG_MAX); return 0; }
./compile.sh: Checking for sysctl support
./compile.sh: cc -E conftest.c
conftest.c:2:24: fatal error: sys/sysctl.h: No such file or directory
compilation terminated.
./compile.sh: Creating ./lib/x11/Makefile.x11
./compile.sh: Creating ./examples/Makefile.x11
./compile.sh: Creating ./tests/Makefile.x11
./compile.sh: Creating ./lib/x11/libglfw.pc.in
