************************************************************************
Not in type system
 - QAbstractAnimation
 - QAbstractConcatenable
 - QAbstractState
 - QAbstractTransition
 - QAccessibleActionInterface
 - QAccessibleImageInterface
 - QAnimationGroup
 - QByteArrayMatcher::Data
 - QConcatenable
 - QContiguousCache
 - QContiguousCacheData
 - QContiguousCacheTypedData
 - QEasingCurve
 - QElapsedTimer
 - QEventTransition
 - QFinalState
 - QGLBuffer
 - QGLFramebufferObjectFormat
 - QGLShader
 - QGLShaderProgram
 - QGenericMatrix
 - QGesture
 - QGestureEvent
 - QGestureRecognizer
 - QGraphicsAnchor
 - QGraphicsAnchorLayout
 - QGraphicsBlurEffect
 - QGraphicsColorizeEffect
 - QGraphicsDropShadowEffect
 - QGraphicsEffect
 - QGraphicsOpacityEffect
 - QGraphicsRotation
 - QGraphicsScale
 - QGraphicsTransform
 - QGraphicsWebView
 - QGtkStyle
 - QHistoryState
 - QIconEngineV2::AvailableSizesArgument
 - QIncompatibleFlag
 - QIntegerForSizeof
 - QKeyEventTransition
 - QLatin1Literal
 - QMapNode
 - QMapPayloadNode
 - QMargins
 - QMatrix4x4
 - QMouseEventTransition
 - QNetworkConfiguration
 - QNetworkConfigurationManager
 - QNetworkSession
 - QNoDebug
 - QPainter::PixmapFragment
 - QPanGesture
 - QParallelAnimationGroup
 - QPauseAnimation
 - QPinchGesture
 - QPixmapCache::Key
 - QProcessEnvironment
 - QPropertyAnimation
 - QProxyStyle
 - QQuaternion
 - QS60Style
 - QScopedArrayPointer
 - QScopedPointer
 - QScopedPointerArrayDeleter
 - QScopedPointerDeleter
 - QScopedPointerPodDeleter
 - QScriptContext
 - QScriptEngine
 - QScriptProgram
 - QScriptString
 - QScriptSyntaxCheckResult
 - QScriptValue
 - QSequentialAnimationGroup
 - QSharedPointer
 - QSignalTransition
 - QState
 - QStateMachine
 - QStaticText
 - QStringBuilder
 - QStringMatcher::Data
 - QStyleOptionFrameV3
 - QStyleOptionTabBarBaseV2
 - QStyleOptionTabV3
 - QStyleOptionTabWidgetFrameV2
 - QSwipeGesture
 - QTapAndHoldGesture
 - QTapGesture
 - QTextDocumentWriter
 - QTileRules
 - QTouchEvent
 - QVariant::Handler
 - QVariant::Private
 - QVariant::PrivateShared
 - QVariantAnimation
 - QVector2D
 - QVector3D
 - QVector4D
 - QWeakPointer
 - QWebDatabase
 - QWebElement
 - QWebElementCollection
 - QWebInspector
 - QWebPage::ChooseMultipleFilesExtensionOption
 - QWebPage::ChooseMultipleFilesExtensionReturn
 - QWebPage::ErrorPageExtensionOption
 - QWebPage::ErrorPageExtensionReturn
 - QWebPage::ExtensionOption
 - QWebPage::ExtensionReturn
 - QWebPluginFactory
 - QWebSecurityOrigin
 - QtConcurrent::ThreadEngineBarrier
 - QtConcurrent::qValueType
 - _IO_FILE
 - _IO_marker
 - __exception
 - drand48_data
 - random_data
 - timespec
 - timeval
 - wait
************************************************************************

************************************************************************
Generation disabled by type system
 - QAbstractFileEngine::ExtensionOption
 - QAbstractFileEngine::ExtensionReturn
 - QAbstractUndoItem
 - QAccessible2
 - QAccessibleApplication
 - QAccessibleBridgeFactoryInterface
 - QAccessibleBridgePlugin
 - QAccessibleEditableTextInterface
 - QAccessibleSimpleEditableTextInterface
 - QAccessibleTableInterface
 - QAccessibleTextInterface
 - QAccessibleValueInterface
 - QAlgorithmsPrivate
 - QAtomicInt
 - QAtomicPointer
 - QBasicAtomicInt
 - QBasicAtomicPointer
 - QBitRef
 - QBrushData
 - QByteArray::Data
 - QCache
 - QChar
 - QCharRef
 - QDebug
 - QExplicitlySharedDataPointer
 - QFlag
 - QFlags
 - QForeachContainer
 - QForeachContainerBase
 - QFuture::const_iterator
 - QFutureInterface
 - QFutureInterfaceBase
 - QGLColormap::QGLColormapData
 - QGlobalStatic
 - QGlobalStaticDeleter
 - QHash
 - QHashData
 - QHashDummyNode
 - QHashDummyValue
 - QHashIterator
 - QHashNode
 - QIconEngineFactoryInterface
 - QIconEnginePlugin
 - QImageTextKeyLang
 - QInternal
 - QItemEditorCreator
 - QLatin1Char
 - QLatin1String
 - QLibrary
 - QLine
 - QLineF
 - QLinkedList
 - QLinkedListData
 - QLinkedListIterator
 - QLinkedListNode
 - QList::Node
 - QList::const_iterator
 - QList::iterator
 - QListData
 - QListIterator
 - QLocale::Data
 - QMap
 - QMapData
 - QMapIterator
 - QMdi
 - QMetaClassInfo
 - QMetaEnum
 - QMetaMethod
 - QMetaProperty
 - QMetaTypeId
 - QMetaTypeId2
 - QMimeSource
 - QModelIndex
 - QMultiHash
 - QMultiMap
 - QMutableHashIterator
 - QMutableLinkedListIterator
 - QMutableListIterator
 - QMutableMapIterator
 - QMutableSetIterator
 - QMutableVectorIterator
 - QMutexLocker
 - QObjectCleanupHandler
 - QObjectData
 - QObjectUserData
 - QPainterPathPrivate
 - QPluginLoader
 - QPoint
 - QPointF
 - QPointer
 - QReadLocker
 - QRect
 - QRectF
 - QRegion::QRegionData
 - QResource
 - QSet
 - QSetIterator
 - QSharedData
 - QSharedDataPointer
 - QSharedMemory
 - QSize
 - QSizeF
 - QStack
 - QStandardItemEditorCreator
 - QString
 - QStringRef
 - QStyleOptionQ3DockWindow
 - QStyleOptionQ3ListView
 - QStyleOptionQ3ListViewItem
 - QSysInfo
 - QTextFrameLayoutData
 - QTextStreamManipulator
 - QThreadStorage
 - QThreadStorageData
 - QTypeInfo
 - QUpdateLaterEvent
 - QVFbHeader
 - QVFbKeyData
 - QVarLengthArray
 - QVariantComparisonHelper
 - QVectorData
 - QVectorIterator
 - QVectorTypedData
 - QWSEmbedWidget
 - QWidgetData
 - QWidgetItemV2
 - QWindowsCEStyle
 - QWindowsMobileStyle
 - QWindowsVistaStyle
 - QWindowsXPStyle
 - QWriteLocker
 - QXmlAttributes::Attribute
 - QXmlStreamStringRef
 - QtConcurrent::BlockSizeManager
 - QtConcurrent::ConstMemberFunctionWrapper
 - QtConcurrent::Exception
 - QtConcurrent::FilterKernel
 - QtConcurrent::FilteredEachKernel
 - QtConcurrent::FilteredReducedKernel
 - QtConcurrent::FunctionWrapper0
 - QtConcurrent::FunctionWrapper1
 - QtConcurrent::FunctionWrapper2
 - QtConcurrent::IntermediateResults
 - QtConcurrent::IterateKernel
 - QtConcurrent::MapKernel
 - QtConcurrent::MappedEachKernel
 - QtConcurrent::MappedReducedKernel
 - QtConcurrent::Median
 - QtConcurrent::MemberFunctionWrapper
 - QtConcurrent::MemberFunctionWrapper1
 - QtConcurrent::ReduceKernel
 - QtConcurrent::ResultItem
 - QtConcurrent::ResultIterator
 - QtConcurrent::ResultIteratorBase
 - QtConcurrent::ResultReporter
 - QtConcurrent::ResultStore
 - QtConcurrent::ResultStoreBase
 - QtConcurrent::RunFunctionTask
 - QtConcurrent::RunFunctionTaskBase
 - QtConcurrent::SelectSpecialization
 - QtConcurrent::SelectStoredConstMemberFunctionCall0
 - QtConcurrent::SelectStoredConstMemberFunctionCall1
 - QtConcurrent::SelectStoredConstMemberFunctionCall2
 - QtConcurrent::SelectStoredConstMemberFunctionCall3
 - QtConcurrent::SelectStoredConstMemberFunctionCall4
 - QtConcurrent::SelectStoredConstMemberFunctionCall5
 - QtConcurrent::SelectStoredConstMemberFunctionPointerCall0
 - QtConcurrent::SelectStoredConstMemberFunctionPointerCall1
 - QtConcurrent::SelectStoredConstMemberFunctionPointerCall2
 - QtConcurrent::SelectStoredConstMemberFunctionPointerCall3
 - QtConcurrent::SelectStoredConstMemberFunctionPointerCall4
 - QtConcurrent::SelectStoredConstMemberFunctionPointerCall5
 - QtConcurrent::SelectStoredFunctorCall0
 - QtConcurrent::SelectStoredFunctorCall1
 - QtConcurrent::SelectStoredFunctorCall2
 - QtConcurrent::SelectStoredFunctorCall3
 - QtConcurrent::SelectStoredFunctorCall4
 - QtConcurrent::SelectStoredFunctorCall5
 - QtConcurrent::SelectStoredFunctorPointerCall0
 - QtConcurrent::SelectStoredFunctorPointerCall1
 - QtConcurrent::SelectStoredFunctorPointerCall2
 - QtConcurrent::SelectStoredFunctorPointerCall3
 - QtConcurrent::SelectStoredFunctorPointerCall4
 - QtConcurrent::SelectStoredFunctorPointerCall5
 - QtConcurrent::SelectStoredMemberFunctionCall0
 - QtConcurrent::SelectStoredMemberFunctionCall1
 - QtConcurrent::SelectStoredMemberFunctionCall2
 - QtConcurrent::SelectStoredMemberFunctionCall3
 - QtConcurrent::SelectStoredMemberFunctionCall4
 - QtConcurrent::SelectStoredMemberFunctionCall5
 - QtConcurrent::SelectStoredMemberFunctionPointerCall0
 - QtConcurrent::SelectStoredMemberFunctionPointerCall1
 - QtConcurrent::SelectStoredMemberFunctionPointerCall2
 - QtConcurrent::SelectStoredMemberFunctionPointerCall3
 - QtConcurrent::SelectStoredMemberFunctionPointerCall4
 - QtConcurrent::SelectStoredMemberFunctionPointerCall5
 - QtConcurrent::SequenceHolder1
 - QtConcurrent::SequenceHolder2
 - QtConcurrent::StoredConstMemberFunctionCall0
 - QtConcurrent::StoredConstMemberFunctionCall1
 - QtConcurrent::StoredConstMemberFunctionCall2
 - QtConcurrent::StoredConstMemberFunctionCall3
 - QtConcurrent::StoredConstMemberFunctionCall4
 - QtConcurrent::StoredConstMemberFunctionCall5
 - QtConcurrent::StoredConstMemberFunctionPointerCall0
 - QtConcurrent::StoredConstMemberFunctionPointerCall1
 - QtConcurrent::StoredConstMemberFunctionPointerCall2
 - QtConcurrent::StoredConstMemberFunctionPointerCall3
 - QtConcurrent::StoredConstMemberFunctionPointerCall4
 - QtConcurrent::StoredConstMemberFunctionPointerCall5
 - QtConcurrent::StoredFunctorCall0
 - QtConcurrent::StoredFunctorCall1
 - QtConcurrent::StoredFunctorCall2
 - QtConcurrent::StoredFunctorCall3
 - QtConcurrent::StoredFunctorCall4
 - QtConcurrent::StoredFunctorCall5
 - QtConcurrent::StoredFunctorPointerCall0
 - QtConcurrent::StoredFunctorPointerCall1
 - QtConcurrent::StoredFunctorPointerCall2
 - QtConcurrent::StoredFunctorPointerCall3
 - QtConcurrent::StoredFunctorPointerCall4
 - QtConcurrent::StoredFunctorPointerCall5
 - QtConcurrent::StoredMemberFunctionCall0
 - QtConcurrent::StoredMemberFunctionCall1
 - QtConcurrent::StoredMemberFunctionCall2
 - QtConcurrent::StoredMemberFunctionCall3
 - QtConcurrent::StoredMemberFunctionCall4
 - QtConcurrent::StoredMemberFunctionCall5
 - QtConcurrent::StoredMemberFunctionPointerCall0
 - QtConcurrent::StoredMemberFunctionPointerCall1
 - QtConcurrent::StoredMemberFunctionPointerCall2
 - QtConcurrent::StoredMemberFunctionPointerCall3
 - QtConcurrent::StoredMemberFunctionPointerCall4
 - QtConcurrent::StoredMemberFunctionPointerCall5
 - QtConcurrent::ThreadEngine
 - QtConcurrent::ThreadEngineBase
 - QtConcurrent::ThreadEngineStarter
 - QtConcurrent::ThreadEngineStarterBase
 - QtConcurrent::UnhandledException
 - QtConcurrent::VoidStoredConstMemberFunctionCall0
 - QtConcurrent::VoidStoredConstMemberFunctionCall1
 - QtConcurrent::VoidStoredConstMemberFunctionCall2
 - QtConcurrent::VoidStoredConstMemberFunctionCall3
 - QtConcurrent::VoidStoredConstMemberFunctionCall4
 - QtConcurrent::VoidStoredConstMemberFunctionCall5
 - QtConcurrent::VoidStoredConstMemberFunctionPointerCall0
 - QtConcurrent::VoidStoredConstMemberFunctionPointerCall1
 - QtConcurrent::VoidStoredConstMemberFunctionPointerCall2
 - QtConcurrent::VoidStoredConstMemberFunctionPointerCall3
 - QtConcurrent::VoidStoredConstMemberFunctionPointerCall4
 - QtConcurrent::VoidStoredConstMemberFunctionPointerCall5
 - QtConcurrent::VoidStoredFunctorCall0
 - QtConcurrent::VoidStoredFunctorCall1
 - QtConcurrent::VoidStoredFunctorCall2
 - QtConcurrent::VoidStoredFunctorCall3
 - QtConcurrent::VoidStoredFunctorCall4
 - QtConcurrent::VoidStoredFunctorCall5
 - QtConcurrent::VoidStoredFunctorPointerCall0
 - QtConcurrent::VoidStoredFunctorPointerCall1
 - QtConcurrent::VoidStoredFunctorPointerCall2
 - QtConcurrent::VoidStoredFunctorPointerCall3
 - QtConcurrent::VoidStoredFunctorPointerCall4
 - QtConcurrent::VoidStoredFunctorPointerCall5
 - QtConcurrent::VoidStoredMemberFunctionCall0
 - QtConcurrent::VoidStoredMemberFunctionCall1
 - QtConcurrent::VoidStoredMemberFunctionCall2
 - QtConcurrent::VoidStoredMemberFunctionCall3
 - QtConcurrent::VoidStoredMemberFunctionCall4
 - QtConcurrent::VoidStoredMemberFunctionCall5
 - QtConcurrent::VoidStoredMemberFunctionPointerCall0
 - QtConcurrent::VoidStoredMemberFunctionPointerCall1
 - QtConcurrent::VoidStoredMemberFunctionPointerCall2
 - QtConcurrent::VoidStoredMemberFunctionPointerCall3
 - QtConcurrent::VoidStoredMemberFunctionPointerCall4
 - QtConcurrent::VoidStoredMemberFunctionPointerCall5
 - QtConcurrent::internal
 - QtPrivate
 - qGreater
 - qLess
 - std
************************************************************************

************************************************************************
Type redefined to not be a class
 - QBool
 - QByteRef
 - QThread
************************************************************************

************************************************************************
Unmatched argument type
************************************************************************

************************************************************************
Unmatched return type
************************************************************************

