Number of public or protected functions with QNativePointer API: 204


Class QAbstractFileEngine:
---------------------------------------------------------------------------------
map(qint64,qint64,QFile::MemoryMapFlags)
read(char*,qint64)
readLine(char*,qint64)
write(const char*,qint64)


Class QAbstractGraphicsShapeItem:
---------------------------------------------------------------------------------
itemTransform(const QGraphicsItem*,bool*)const


Class QAbstractItemModel:
---------------------------------------------------------------------------------
createIndex(int,int,void*)const


Class QAbstractPictureFormat:
---------------------------------------------------------------------------------
loadPicture(QString,QString,QPicture*)


Class QAbstractSocket:
---------------------------------------------------------------------------------
proxyAuthenticationRequired(QNetworkProxy,QAuthenticator*)


Class QAbstractSpinBox:
---------------------------------------------------------------------------------
fixup(QString&)const
validate(QString&,int&)const


Class QAccessibleInterface:
---------------------------------------------------------------------------------
navigate(QAccessible::RelationFlag,int,QAccessibleInterface**)const


Class QApplication:
---------------------------------------------------------------------------------
overrideCursor()


Class QBuffer:
---------------------------------------------------------------------------------
QBuffer(QByteArray*,QObject*)
buffer()
connectNotify(const char*)
disconnectNotify(const char*)


Class QByteArray:
---------------------------------------------------------------------------------
append(char)
append(QByteArray)
append(QString)
append(const char*,int)
data()
fill(char,int)
insert(int,char)
insert(int,QByteArray)
insert(int,QString)
insert(int,const char*,int)
prepend(char)
prepend(QByteArray)
prepend(const char*,int)
remove(int,int)
replace(char,char)
replace(char,QByteArray)
replace(char,QString)
replace(QByteArray,QByteArray)
replace(QString,QByteArray)
replace(const char*,int,const char*,int)
replace(int,int,QByteArray)
replace(int,int,const char*,int)
setNum(double,char,int)
setNum(float,char,int)
setNum(int,int)
setNum(short,int)
setRawData(const char*,uint)
toDouble(bool*)const
toFloat(bool*)const
toInt(bool*,int)const


Class QByteArrayMatcher:
---------------------------------------------------------------------------------
QByteArrayMatcher(const char*,int)
indexIn(const char*,int,int)const


Class QCDEStyle:
---------------------------------------------------------------------------------
standardIconImplementation(QStyle::StandardPixmap,const QStyleOption*,const QWidget*)const


Class QCheckBox:
---------------------------------------------------------------------------------
initStyleOption(QStyleOptionButton*)const


Class QCleanlooksStyle:
---------------------------------------------------------------------------------
standardIconImplementation(QStyle::StandardPixmap,const QStyleOption*,const QWidget*)const


Class QClipboard:
---------------------------------------------------------------------------------
text(QString&,QClipboard::Mode)const


Class QColor:
---------------------------------------------------------------------------------
getHsl(int*,int*,int*,int*)const
getHslF(double*,double*,double*,double*)const


Class QComboBox:
---------------------------------------------------------------------------------
initStyleOption(QStyleOptionComboBox*)const


Class QCommonStyle:
---------------------------------------------------------------------------------
standardIconImplementation(QStyle::StandardPixmap,const QStyleOption*,const QWidget*)const


Class QCoreApplication:
---------------------------------------------------------------------------------
translate(const char*,const char*,const char*,QCoreApplication::Encoding)
translate(const char*,const char*,const char*,QCoreApplication::Encoding,int)


Class QCryptographicHash:
---------------------------------------------------------------------------------
addData(const char*,int)


Class QCursor:
---------------------------------------------------------------------------------
bitmap()const
mask()const


Class QDataStream:
---------------------------------------------------------------------------------
QDataStream(QByteArray*,QFlags<QIODevice::OpenModeFlag>)


Class QDate:
---------------------------------------------------------------------------------
getDate(int*,int*,int*)


Class QDateTimeEdit:
---------------------------------------------------------------------------------
initStyleOption(QStyleOptionSpinBox*)const


Class QDial:
---------------------------------------------------------------------------------
initStyleOption(QStyleOptionSlider*)const


Class QDockWidget:
---------------------------------------------------------------------------------
initStyleOption(QStyleOptionDockWidget*)const


Class QDomDocument:
---------------------------------------------------------------------------------
setContent(QIODevice*,QString*,int*,int*)
setContent(QIODevice*,bool,QString*,int*,int*)
setContent(QXmlInputSource*,QXmlReader*,QString*,int*,int*)
setContent(QXmlInputSource*,bool,QString*,int*,int*)
setContent(QByteArray,QString*,int*,int*)
setContent(QByteArray,bool,QString*,int*,int*)
setContent(QString,QString*,int*,int*)
setContent(QString,bool,QString*,int*,int*)


Class QFile:
---------------------------------------------------------------------------------
map(qint64,qint64,QFile::MemoryMapFlags)


Class QFileDialog:
---------------------------------------------------------------------------------
open(QObject*,const char*)
getOpenFileName(QWidget*,QString,QString,QString,QString*,QFlags<QFileDialog::Option>)
getOpenFileNames(QWidget*,QString,QString,QString,QString*,QFlags<QFileDialog::Option>)
getSaveFileName(QWidget*,QString,QString,QString,QString*,QFlags<QFileDialog::Option>)


Class QFocusFrame:
---------------------------------------------------------------------------------
initStyleOption(QStyleOption*)const


Class QFontDialog:
---------------------------------------------------------------------------------
getFont(bool*,QWidget*)
getFont(bool*,QFont,QWidget*)
getFont(bool*,QFont,QWidget*,QString)


Class QFtp:
---------------------------------------------------------------------------------
read(char*,qint64)


Class QGraphicsItem:
---------------------------------------------------------------------------------
itemTransform(const QGraphicsItem*,bool*)const
paint(QPainter*,const QStyleOptionGraphicsItem*,QWidget*)


Class IQGraphicsItem:
---------------------------------------------------------------------------------
itemTransform(const QGraphicsItem*,bool*)const


Class QGraphicsItemGroup:
---------------------------------------------------------------------------------
itemTransform(const QGraphicsItem*,bool*)const


Class QGraphicsLineItem:
---------------------------------------------------------------------------------
itemTransform(const QGraphicsItem*,bool*)const


Class QGraphicsObject:
---------------------------------------------------------------------------------
itemTransform(const QGraphicsItem*,bool*)const


Class QGraphicsPixmapItem:
---------------------------------------------------------------------------------
itemTransform(const QGraphicsItem*,bool*)const


Class QGraphicsWidget:
---------------------------------------------------------------------------------
getContentsMargins(double*,double*,double*,double*)const
getWindowFrameMargins(double*,double*,double*,double*)const
initStyleOption(QStyleOption*)const
paintWindowFrame(QPainter*,const QStyleOptionGraphicsItem*,QWidget*)


Class QGroupBox:
---------------------------------------------------------------------------------
initStyleOption(QStyleOptionGroupBox*)const


Class QHeaderView:
---------------------------------------------------------------------------------
initStyleOption(QStyleOptionHeader*)const


Class QHostInfo:
---------------------------------------------------------------------------------
lookupHost(QString,QObject*,const char*)


Class QHttp:
---------------------------------------------------------------------------------
authenticationRequired(QString,unsigned short,QAuthenticator*)
proxyAuthenticationRequired(QNetworkProxy,QAuthenticator*)
read(char*,qint64)


Class QIODevice:
---------------------------------------------------------------------------------
peek(char*,qint64)
read(char*,qint64)
readLine(char*,qint64)
write(const char*,qint64)
readData(char*,qint64)
readLineData(char*,qint64)
writeData(const char*,qint64)


Class QImage:
---------------------------------------------------------------------------------
QImage(unsigned char*,int,int,int,QImage::Format)
bits()
constBits()const
constScanLine(int)const
scanLine(int)


Class QItemSelection:
---------------------------------------------------------------------------------
split(QItemSelectionRange,QItemSelectionRange,QItemSelection*)


Class QLabel:
---------------------------------------------------------------------------------
picture()const
pixmap()const


Class QLineEdit:
---------------------------------------------------------------------------------
getTextMargins(int*,int*,int*,int*)const
initStyleOption(QStyleOptionFrame*)const


Class QLocalServer:
---------------------------------------------------------------------------------
waitForNewConnection(int,bool*)


Class QLocale:
---------------------------------------------------------------------------------
toDouble(QString,bool*)const
toFloat(QString,bool*)const
toInt(QString,bool*,int)const
toShort(QString,bool*,int)const


Class QMenuBar:
---------------------------------------------------------------------------------
initStyleOption(QStyleOptionMenuItem*,const QAction*)const


Class QMessageBox:
---------------------------------------------------------------------------------
open(QObject*,const char*)


Class QMetaType:
---------------------------------------------------------------------------------
construct(int,const void*)
destroy(int,void*)
load(QDataStream&,int,void*)
registerTypedef(const char*,int)
save(QDataStream&,int,const void*)
type(const char*)
typeName(int)
unregisterType(const char*)


Class QMotifStyle:
---------------------------------------------------------------------------------
standardIconImplementation(QStyle::StandardPixmap,const QStyleOption*,const QWidget*)const


Class QNetworkAccessManager:
---------------------------------------------------------------------------------
authenticationRequired(QNetworkReply*,QAuthenticator*)
proxyAuthenticationRequired(QNetworkProxy,QAuthenticator*)


Class QPaintEngine:
---------------------------------------------------------------------------------
drawLines(const QLine*,int)
drawLines(const QLineF*,int)
drawPoints(const QPoint*,int)
drawPoints(const QPointF*,int)
drawPolygon(const QPoint*,int,QPaintEngine::PolygonDrawMode)
drawPolygon(const QPointF*,int,QPaintEngine::PolygonDrawMode)
drawRects(const QRect*,int)
drawRects(const QRectF*,int)


Class QPainter:
---------------------------------------------------------------------------------
drawText(QRect,int,QString,QRect*)
drawText(QRectF,int,QString,QRectF*)
drawText(int,int,int,int,int,QString,QRect*)


Class QPainterPath:
---------------------------------------------------------------------------------
operator&=(QPainterPath)
operator+=(QPainterPath)
operator-=(QPainterPath)
operator|=(QPainterPath)


Class QPicture:
---------------------------------------------------------------------------------
setData(const char*,uint)


Class QPixmap:
---------------------------------------------------------------------------------
scroll(int,int,QRect,QRegion*)
scroll(int,int,int,int,int,int,QRegion*)


Class QPixmapCache:
---------------------------------------------------------------------------------
find(QString,QPixmap*)


Class QPlastiqueStyle:
---------------------------------------------------------------------------------
layoutSpacingImplementation(QSizePolicy::ControlType,QSizePolicy::ControlType,Qt::Orientation,const QStyleOption*,const QWidget*)const
standardIconImplementation(QStyle::StandardPixmap,const QStyleOption*,const QWidget*)const


Class QProcess:
---------------------------------------------------------------------------------
startDetached(QString,QStringList,QString,qint64*)


Class QProgressBar:
---------------------------------------------------------------------------------
initStyleOption(QStyleOptionProgressBar*)const


Class QPushButton:
---------------------------------------------------------------------------------
initStyleOption(QStyleOptionButton*)const


Class QRadioButton:
---------------------------------------------------------------------------------
initStyleOption(QStyleOptionButton*)const


Class QRubberBand:
---------------------------------------------------------------------------------
initStyleOption(QStyleOptionRubberBand*)const


Class QScrollBar:
---------------------------------------------------------------------------------
initStyleOption(QStyleOptionSlider*)const


Class QSettings:
---------------------------------------------------------------------------------
setIniCodec(const char*)


Class QSlider:
---------------------------------------------------------------------------------
initStyleOption(QStyleOptionSlider*)const


Class QStringMatcher:
---------------------------------------------------------------------------------
QStringMatcher(const QChar*,int,Qt::CaseSensitivity)
indexIn(const QChar*,int,int)const


Class QStyle:
---------------------------------------------------------------------------------
layoutSpacingImplementation(QSizePolicy::ControlType,QSizePolicy::ControlType,Qt::Orientation,const QStyleOption*,const QWidget*)const
standardIcon(QStyle::StandardPixmap,const QStyleOption*,const QWidget*)const
standardIconImplementation(QStyle::StandardPixmap,const QStyleOption*,const QWidget*)const
drawComplexControl(QStyle::ComplexControl,const QStyleOptionComplex*,QPainter*,const QWidget*)const
drawControl(QStyle::ControlElement,const QStyleOption*,QPainter*,const QWidget*)const
drawPrimitive(QStyle::PrimitiveElement,const QStyleOption*,QPainter*,const QWidget*)const
generatedIconPixmap(QIcon::Mode,QPixmap,const QStyleOption*)const
hitTestComplexControl(QStyle::ComplexControl,const QStyleOptionComplex*,QPoint,const QWidget*)const
pixelMetric(QStyle::PixelMetric,const QStyleOption*,const QWidget*)const
polish(QPalette&)
sizeFromContents(QStyle::ContentsType,const QStyleOption*,QSize,const QWidget*)const
styleHint(QStyle::StyleHint,const QStyleOption*,const QWidget*,QStyleHintReturn*)const
subControlRect(QStyle::ComplexControl,const QStyleOptionComplex*,QStyle::SubControl,const QWidget*)const
subElementRect(QStyle::SubElement,const QStyleOption*,const QWidget*)const


Class QStyledItemDelegate:
---------------------------------------------------------------------------------
initStyleOption(QStyleOptionViewItem*,QModelIndex)const


Class QTabBar:
---------------------------------------------------------------------------------
initStyleOption(QStyleOptionTab*,int)const


Class QTabWidget:
---------------------------------------------------------------------------------
initStyleOption(QStyleOptionTabWidgetFrame*)const


Class QTcpServer:
---------------------------------------------------------------------------------
waitForNewConnection(int,bool*)


Class QTextCodec:
---------------------------------------------------------------------------------
convertFromUnicode(const QChar*,int,QTextCodec::ConverterState*)const
convertToUnicode(const char*,int,QTextCodec::ConverterState*)const


Class QTextDocument:
---------------------------------------------------------------------------------
redo(QTextCursor*)
undo(QTextCursor*)


Class QTextLine:
---------------------------------------------------------------------------------
draw(QPainter*,QPointF,const QTextLayout::FormatRange*)const


Class QTimer:
---------------------------------------------------------------------------------
singleShot(int,QObject*,const char*)


Class QToolBar:
---------------------------------------------------------------------------------
initStyleOption(QStyleOptionToolBar*)const


Class QToolButton:
---------------------------------------------------------------------------------
initStyleOption(QStyleOptionToolButton*)const


Class QUdpSocket:
---------------------------------------------------------------------------------
readDatagram(char*,qint64,QHostAddress*,unsigned short*)
writeDatagram(const char*,qint64,QHostAddress,unsigned short)


Class QValidator:
---------------------------------------------------------------------------------
fixup(QString&)const
validate(QString&,int&)const


Class QWebPage:
---------------------------------------------------------------------------------
saveFrameStateRequested(QWebFrame*,QWebHistoryItem*)
javaScriptPrompt(QWebFrame*,QString,QString,QString*)


Class QWindowsStyle:
---------------------------------------------------------------------------------
standardIconImplementation(QStyle::StandardPixmap,const QStyleOption*,const QWidget*)const


Class QXmlNamespaceSupport:
---------------------------------------------------------------------------------
processName(QString,bool,QString&,QString&)const
splitName(QString,QString&,QString&)const


Class QXmlStreamWriter:
---------------------------------------------------------------------------------
QXmlStreamWriter(QByteArray*)
setCodec(const char*)
