************************************************************************
Not in type system
************************************************************************

************************************************************************
Generation disabled by type system
 - QAbstractFileEngine::d_ptr
 - QDir::d_ptr
 - QDomNode::impl
 - QEvent::d
 - QFileInfo::d_ptr
 - QFuture::d
 - QGraphicsItem::d_ptr
 - QGraphicsLayoutItem::d_ptr
 - QGraphicsSceneEvent::d_ptr
 - QHostAddress::d
 - QHttpHeader::d_ptr
 - QImageIOHandler::d_ptr
 - QObject::d_ptr
 - QPaintEngine::d_ptr
 - QStandardItem::d_ptr
 - QTabletEvent::mExtra
 - QTextCodec::ConverterState::d
 - QVariant::d
 - QWheelEvent::d
 - QWidgetItem::wid
************************************************************************

************************************************************************
Type redefined to not be a class
************************************************************************

************************************************************************
Unmatched argument type
************************************************************************

************************************************************************
Unmatched return type
************************************************************************

