************************************************************************
Not in type system
 - QAbstractSocket::SocketOption
 - QAction::Priority
 - QAction::SoftKeyRole
 - QColorDialog::ColorDialogOption
 - QDataStream::FloatingPointPrecision
 - QDate::MonthNameType
 - QFontDialog::FontDialogOption
 - QGLContext::BindOption
 - QGLFormat::OpenGLContextProfile
 - QGradient::InterpolationMode
 - QGraphicsItem::PanelModality
 - QIconEngineV2::IconEngineHook
 - QInputDialog::InputDialogOption
 - QInputDialog::InputMode
 - QMetaType::Type
 - QNetworkAccessManager::NetworkAccessibility
 - QNetworkRequest::LoadControl
 - QNetworkRequest::Priority
 - QPainter::PixmapFragmentHint
 - QStyle::RequestSoftwareInputPanel
 - QTabBar::ButtonPosition
 - QTabBar::SelectionBehavior
 - QTextDocument::Stacks
 - QVariant::Type
 - QWebFrame::RenderLayer
 - QWebPage::ErrorDomain
 - QWebPage::Extension
 - QXmlStreamReader::ReadElementTextBehaviour
 - Qt::AnchorPoint
 - Qt::CoordinateSystem
 - Qt::GestureFlag
 - Qt::GestureState
 - Qt::GestureType
 - Qt::Initialization
 - Qt::InputMethodHint
 - Qt::NavigationMode
 - Qt::TileRule
 - Qt::TouchPointState
 - QtValidLicenseForDeclarativeModule
 - QtValidLicenseForMultimediaModule
 - QtValidLicenseForOpenVGModule
 - QtValidLicenseForScriptToolsModule
 - __codecvt_result
 - enum_2
 - enum_3
 - enum_4
************************************************************************

************************************************************************
Generation disabled by type system
 - QAbstractFileEngineIterator::EntryInfoType
 - QDataStream::ByteOrder
 - QFont::ResolveProperties
 - QtConcurrent::enum_1
 - QtValidLicenseForActiveQtModule
 - QtValidLicenseForCoreModule
 - QtValidLicenseForDBusModule
 - QtValidLicenseForGuiModule
 - QtValidLicenseForHelpModule
 - QtValidLicenseForNetworkModule
 - QtValidLicenseForOpenGLModule
 - QtValidLicenseForQt3SupportLightModule
 - QtValidLicenseForQt3SupportModule
 - QtValidLicenseForScriptModule
 - QtValidLicenseForSqlModule
 - QtValidLicenseForSvgModule
 - QtValidLicenseForTestModule
 - QtValidLicenseForXmlModule
 - QtValidLicenseForXmlPatternsModule
 - enum_1
************************************************************************

************************************************************************
Type redefined to not be a class
************************************************************************

************************************************************************
Unmatched argument type
************************************************************************

************************************************************************
Unmatched return type
************************************************************************

