************************************************************************
Not in type system
************************************************************************

************************************************************************
Generation disabled by type system
 - QAbstractButton::d_func
 - QAbstractEventDispatcher::d_func
 - QAbstractEventDispatcher::filterEvent
 - QAbstractEventDispatcher::setEventFilter
 - QAbstractFileEngine::beginEntryList
 - QAbstractFileEngine::d_func
 - QAbstractFileEngine::endEntryList
 - QAbstractFileEngine::extension
 - QAbstractFileEngineIterator::entryInfo
 - QAbstractGraphicsShapeItem::d_func
 - QAbstractItemDelegate::operator=
 - QAbstractItemModel::d_func
 - QAbstractItemView::d_func
 - QAbstractNetworkCache::d_func
 - QAbstractPageSetupDialog::d_func
 - QAbstractPrintDialog::d_func
 - QAbstractProxyModel::d_func
 - QAbstractScrollArea::d_func
 - QAbstractSlider::d_func
 - QAbstractSocket::d_func
 - QAbstractSpinBox::d_func
 - QAbstractTextDocumentLayout::d_func
 - QAccessible::installFactory
 - QAccessible::installRootObjectHandler
 - QAccessible::installUpdateHandler
 - QAccessible::removeFactory
 - QAccessibleInterface::backgroundColor
 - QAccessibleInterface::cast_helper
 - QAccessibleInterface::editableTextInterface
 - QAccessibleInterface::foregroundColor
 - QAccessibleInterface::tableInterface
 - QAccessibleInterface::textInterface
 - QAccessibleInterface::valueInterface
 - QAccessibleInterfaceEx::interface_cast
 - QAction::d_func
 - QActionGroup::d_func
 - QActionGroup::selected
 - QApplication::compressEvent
 - QApplication::d_func
 - QAuthenticator::detach
 - QBitArray::data_ptr
 - QBitArray::detach
 - QBitArray::isDetached
 - QBoxLayout::d_func
 - QBrush::cleanUp
 - QBrush::data_ptr
 - QBrush::detach
 - QBrush::isDetached
 - QBuffer::d_func
 - QButtonGroup::d_func
 - QByteArray::
 - QByteArray::data_ptr
 - QByteArray::detach
 - QByteArray::isDetached
 - QCalendarWidget::d_func
 - QCheckBox::d_func
 - QCleanlooksStyle::d_func
 - QClipboard::d_func
 - QColorDialog::d_func
 - QColumnView::d_func
 - QComboBox::d_func
 - QCommandLinkButton::d_func
 - QCommonStyle::d_func
 - QCompleter::d_func
 - QCoreApplication::compressEvent
 - QCoreApplication::d_func
 - QCoreApplication::filterEvent
 - QCoreApplication::setEventFilter
 - QDataWidgetMapper::d_func
 - QDateTime::detach
 - QDateTimeEdit::d_func
 - QDesktopWidget::d_func
 - QDial::d_func
 - QDialog::d_func
 - QDialogButtonBox::d_func
 - QDirModel::d_func
 - QDockWidget::d_func
 - QDoubleSpinBox::d_func
 - QDoubleValidator::d_func
 - QDrag::d_func
 - QErrorMessage::d_func
 - QEventLoop::d_func
 - QFSFileEngine::d_func
 - QFile::d_func
 - QFile::setDecodingFunction
 - QFile::setEncodingFunction
 - QFileDialog::d_func
 - QFileIconProvider::d_func
 - QFileInfo::d_func
 - QFileInfo::detach
 - QFileSystemModel::d_func
 - QFileSystemWatcher::d_func
 - QFocusFrame::d_func
 - QFont::detach
 - QFontComboBox::d_func
 - QFontDialog::d_func
 - QFormLayout::d_func
 - QFrame::d_func
 - QFtp::d_func
 - QFutureWatcherBase::d_func
 - QGLColormap::detach
 - QGLContext::d_func
 - QGLFormat::detach
 - QGLFramebufferObject::d_func
 - QGLPixelBuffer::d_func
 - QGLWidget::d_func
 - QGLWidget::setMouseTracking
 - QGraphicsEllipseItem::d_func
 - QGraphicsGridLayout::d_func
 - QGraphicsItem::d_func
 - QGraphicsItemGroup::d_func
 - QGraphicsLayout::d_func
 - QGraphicsLayoutItem::d_func
 - QGraphicsLineItem::d_func
 - QGraphicsLinearLayout::d_func
 - QGraphicsPathItem::d_func
 - QGraphicsPixmapItem::d_func
 - QGraphicsPolygonItem::d_func
 - QGraphicsProxyWidget::d_func
 - QGraphicsRectItem::d_func
 - QGraphicsScene::d_func
 - QGraphicsSceneContextMenuEvent::d_func
 - QGraphicsSceneDragDropEvent::d_func
 - QGraphicsSceneEvent::d_func
 - QGraphicsSceneHelpEvent::d_func
 - QGraphicsSceneHoverEvent::d_func
 - QGraphicsSceneMouseEvent::d_func
 - QGraphicsSceneMoveEvent::d_func
 - QGraphicsSceneResizeEvent::d_func
 - QGraphicsSceneWheelEvent::d_func
 - QGraphicsSimpleTextItem::d_func
 - QGraphicsSvgItem::d_func
 - QGraphicsView::d_func
 - QGraphicsWidget::d_func
 - QGridLayout::d_func
 - QGroupBox::d_func
 - QHeaderView::d_func
 - QHttp::d_func
 - QHttpHeader::d_func
 - QHttpRequestHeader::d_func
 - QHttpResponseHeader::d_func
 - QIODevice::d_func
 - QIcon::data_ptr
 - QIcon::detach
 - QIcon::isDetached
 - QImage::data_ptr
 - QImage::detach
 - QImage::isDetached
 - QImageIOHandler::d_func
 - QInputContext::d_func
 - QInputDialog::d_func
 - QItemDelegate::d_func
 - QItemSelectionModel::d_func
 - QKeySequence::
 - QKeySequence::data_ptr
 - QKeySequence::isDetached
 - QLCDNumber::d_func
 - QLabel::d_func
 - QLayout::d_func
 - QLineEdit::d_func
 - QList::begin
 - QList::constBegin
 - QList::constEnd
 - QList::detach
 - QList::end
 - QList::erase
 - QList::free
 - QList::fromSet
 - QList::insert
 - QList::isDetached
 - QList::node_construct
 - QList::node_copy
 - QList::node_destruct
 - QList::toSet
 - QListView::d_func
 - QListWidget::d_func
 - QLocalServer::d_func
 - QLocalSocket::d_func
 - QMainWindow::d_func
 - QMdiArea::d_func
 - QMdiSubWindow::d_func
 - QMenu::d_func
 - QMenuBar::d_func
 - QMessageBox::d_func
 - QMimeData::d_func
 - QMotifStyle::d_func
 - QMovie::d_func
 - QNetworkAccessManager::d_func
 - QNetworkCookieJar::d_func
 - QNetworkDiskCache::d_func
 - QNetworkReply::d_func
 - QObject::connect
 - QObject::connectNotify
 - QObject::d_func
 - QObject::destroyed
 - QObject::disconnect
 - QObject::disconnectNotify
 - QObject::findChild
 - QObject::findChildren
 - QObject::receivers
 - QObject::registerUserData
 - QObject::setUserData
 - QObject::userData
 - QPageSetupDialog::d_func
 - QPaintEngine::d_func
 - QPaintEngine::fix_neg_rect
 - QPainter::d_func
 - QPainterPath::Element::
 - QPainterPath::d_func
 - QPainterPath::detach
 - QPainterPathStroker::d_func
 - QPalette::detach
 - QPen::data_ptr
 - QPen::detach
 - QPen::isDetached
 - QPersistentModelIndex::
 - QPicture::d_func
 - QPicture::data_ptr
 - QPicture::detach
 - QPicture::isDetached
 - QPictureIO::defineIOHandler
 - QPixmap::data_ptr
 - QPixmap::detach
 - QPixmap::isDetached
 - QPlainTextDocumentLayout::d_func
 - QPlainTextEdit::d_func
 - QPlastiqueStyle::d_func
 - QPolygon::point
 - QPolygon::putPoints
 - QPolygon::setPoint
 - QPolygon::setPoints
 - QPrintDialog::d_func
 - QPrintPreviewDialog::d_func
 - QPrintPreviewWidget::d_func
 - QPrinter::d_func
 - QPrinter::printerSelectionOption
 - QPrinter::setPrinterSelectionOption
 - QPrinterInfo::d_func
 - QProcess::d_func
 - QProcess::pid
 - QProgressBar::d_func
 - QProgressDialog::d_func
 - QProxyModel::d_func
 - QPushButton::d_func
 - QRadioButton::d_func
 - QRegion::cleanUp
 - QRegion::detach
 - QRubberBand::d_func
 - QScrollArea::d_func
 - QScrollBar::d_func
 - QSessionManager::d_func
 - QSettings::d_func
 - QSettings::registerFormat
 - QShortcut::d_func
 - QSignalMapper::d_func
 - QSizeGrip::d_func
 - QSlider::d_func
 - QSocketNotifier::d_func
 - QSortFilterProxyModel::d_func
 - QSound::d_func
 - QSpinBox::d_func
 - QSplashScreen::d_func
 - QSplitter::d_func
 - QSplitterHandle::d_func
 - QSslSocket::d_func
 - QStackedLayout::d_func
 - QStackedWidget::d_func
 - QStandardItem::d_func
 - QStandardItemModel::d_func
 - QStatusBar::d_func
 - QStyle::d_func
 - QStyledItemDelegate::d_func
 - QSvgGenerator::d_func
 - QSvgRenderer::d_func
 - QSvgWidget::d_func
 - QSyntaxHighlighter::d_func
 - QSystemTrayIcon::d_func
 - QTabBar::d_func
 - QTabWidget::d_func
 - QTableView::d_func
 - QTableWidget::d_func
 - QTcpServer::d_func
 - QTcpSocket::d_func
 - QTemporaryFile::d_func
 - QTextBlockGroup::d_func
 - QTextBrowser::d_func
 - QTextDocument::d_func
 - QTextEdit::d_func
 - QTextFrame::d_func
 - QTextList::d_func
 - QTextObject::d_func
 - QTextStream::d_func
 - QTextTable::d_func
 - QThreadPool::d_func
 - QTimeLine::d_func
 - QToolBar::d_func
 - QToolBox::d_func
 - QToolButton::d_func
 - QTranslator::d_func
 - QTreeView::d_func
 - QTreeWidget::d_func
 - QTreeWidgetItemIterator::d_func
 - QUdpSocket::d_func
 - QUndoGroup::d_func
 - QUndoStack::d_func
 - QUndoView::d_func
 - QUrl::data_ptr
 - QUrl::detach
 - QUrl::isDetached
 - QUuid::
 - QValidator::d_func
 - QVariant::data_ptr
 - QVariant::detach
 - QVariant::isDetached
 - QVector::back
 - QVector::begin
 - QVector::constBegin
 - QVector::constEnd
 - QVector::detach
 - QVector::end
 - QVector::erase
 - QVector::free
 - QVector::front
 - QVector::insert
 - QVector::isDetached
 - QVector::malloc
 - QVector::operator+=
 - QWidget::create
 - QWidget::d_func
 - QWidget::find
 - QWidget::handle
 - QWidget::internalWinId
 - QWidget::styleChange
 - QWidgetAction::d_func
 - QWindowsStyle::d_func
 - QWizard::d_func
 - QWizardPage::d_func
 - QWorkspace::d_func
 - QXmlSimpleReader::d_func
 - QXmlStreamReader::d_func
 - QXmlStreamWriter::d_func
 - QtConcurrent::operator|
************************************************************************

************************************************************************
Type redefined to not be a class
************************************************************************

************************************************************************
Unmatched argument type
 - QAbstractButton::QAbstractButton
 - QAbstractEventDispatcher::QAbstractEventDispatcher
 - QAbstractFileEngine::QAbstractFileEngine
 - QAbstractGraphicsShapeItem::QAbstractGraphicsShapeItem
 - QAbstractItemDelegate::QAbstractItemDelegate
 - QAbstractItemModel::QAbstractItemModel
 - QAbstractItemView::QAbstractItemView
 - QAbstractListModel::QAbstractListModel
 - QAbstractNetworkCache::QAbstractNetworkCache
 - QAbstractPageSetupDialog::QAbstractPageSetupDialog
 - QAbstractPrintDialog::QAbstractPrintDialog
 - QAbstractProxyModel::QAbstractProxyModel
 - QAbstractScrollArea::QAbstractScrollArea
 - QAbstractScrollArea::setViewportMargins
 - QAbstractSlider::QAbstractSlider
 - QAbstractSocket::QAbstractSocket
 - QAbstractSocket::setSocketOption
 - QAbstractSocket::socketOption
 - QAbstractSpinBox::QAbstractSpinBox
 - QAbstractTableModel::QAbstractTableModel
 - QAbstractTextDocumentLayout::QAbstractTextDocumentLayout
 - QAction::QAction
 - QAction::setPriority
 - QAction::setSoftKeyRole
 - QByteArray::QByteArray
 - QByteArray::number
 - QByteArray::setNum
 - QCleanlooksStyle::QCleanlooksStyle
 - QClipboardEvent::QClipboardEvent
 - QColorDialog::getColor
 - QColorDialog::setOption
 - QColorDialog::setOptions
 - QColorDialog::testOption
 - QColumnView::QColumnView
 - QComboBox::QComboBox
 - QCommonStyle::QCommonStyle
 - QCoreApplication::QCoreApplication
 - QDataStream::setByteOrder
 - QDataStream::setFloatingPointPrecision
 - QDate::longDayName
 - QDate::longMonthName
 - QDate::shortDayName
 - QDate::shortMonthName
 - QDateTimeEdit::QDateTimeEdit
 - QDialog::QDialog
 - QDirModel::QDirModel
 - QDomAttr::QDomAttr
 - QDomCDATASection::QDomCDATASection
 - QDomCharacterData::QDomCharacterData
 - QDomComment::QDomComment
 - QDomDocument::QDomDocument
 - QDomDocumentFragment::QDomDocumentFragment
 - QDomDocumentType::QDomDocumentType
 - QDomElement::QDomElement
 - QDomElement::setAttribute
 - QDomElement::setAttributeNS
 - QDomEntity::QDomEntity
 - QDomEntityReference::QDomEntityReference
 - QDomImplementation::QDomImplementation
 - QDomNamedNodeMap::QDomNamedNodeMap
 - QDomNode::QDomNode
 - QDomNodeList::QDomNodeList
 - QDomNotation::QDomNotation
 - QDomProcessingInstruction::QDomProcessingInstruction
 - QDomText::QDomText
 - QFSFileEngine::QFSFileEngine
 - QFSFileEngine::extension
 - QFSFileEngine::open
 - QFile::QFile
 - QFile::open
 - QFileDialog::QFileDialog
 - QFileSystemModel::QFileSystemModel
 - QFont::QFont
 - QFontDatabase::load
 - QFontDialog::getFont
 - QFontDialog::setOption
 - QFontDialog::setOptions
 - QFontDialog::testOption
 - QFrame::QFrame
 - QFuture::QFuture
 - QGLColormap::cleanup
 - QGLContext::bindTexture
 - QGLFormat::setProfile
 - QGLFramebufferObject::QGLFramebufferObject
 - QGLWidget::bindTexture
 - QGradient::setInterpolationMode
 - QGraphicsItem::QGraphicsItem
 - QGraphicsItem::setGraphicsEffect
 - QGraphicsItem::setInputMethodHints
 - QGraphicsItem::setPanelModality
 - QGraphicsItem::setTransformations
 - QGraphicsLayout::QGraphicsLayout
 - QGraphicsLayoutItem::QGraphicsLayoutItem
 - QGraphicsObject::QGraphicsObject
 - QGraphicsObject::grabGesture
 - QGraphicsObject::ungrabGesture
 - QGraphicsSceneEvent::QGraphicsSceneEvent
 - QGraphicsView::QGraphicsView
 - QGraphicsWidget::QGraphicsWidget
 - QHeaderView::QHeaderView
 - QHostAddress::QHostAddress
 - QHostAddress::setAddress
 - QHttpHeader::QHttpHeader
 - QIODevice::QIODevice
 - QImage::text
 - QImageIOHandler::QImageIOHandler
 - QInputDialog::setInputMode
 - QInputDialog::setOption
 - QInputDialog::setOptions
 - QInputDialog::testOption
 - QItemEditorFactory::createEditor
 - QItemEditorFactory::registerEditor
 - QItemEditorFactory::valuePropertyName
 - QItemSelectionModel::QItemSelectionModel
 - QKeyEvent::QKeyEvent
 - QKeyEvent::createExtendedKeyEvent
 - QLayout::QLayout
 - QLayout::setContentsMargins
 - QLineEdit::setTextMargins
 - QList::fromStdList
 - QListView::QListView
 - QLocale::toString
 - QMatrix::QMatrix
 - QMenu::QMenu
 - QMetaType::registerStreamOperators
 - QMetaType::registerType
 - QMimeData::retrieveData
 - QMotifStyle::QMotifStyle
 - QNetworkAccessManager::networkAccessibleChanged
 - QNetworkAccessManager::setConfiguration
 - QNetworkAccessManager::setNetworkAccessible
 - QNetworkReply::QNetworkReply
 - QNetworkRequest::setPriority
 - QObject::QObject
 - QPaintEngine::QPaintEngine
 - QPainter::drawPixmapFragments
 - QPainter::drawStaticText
 - QPicture::QPicture
 - QPixmap::QPixmap
 - QPixmap::init
 - QPixmapCache::find
 - QPixmapCache::remove
 - QPixmapCache::replace
 - QPlainTextEdit::QPlainTextEdit
 - QProcess::setProcessEnvironment
 - QProxyModel::QProxyModel
 - QPushButton::QPushButton
 - QRegion::exec
 - QScrollArea::QScrollArea
 - QSslConfiguration::QSslConfiguration
 - QSslSocket::setSocketOption
 - QSslSocket::socketOption
 - QStandardItem::QStandardItem
 - QStandardItemModel::QStandardItemModel
 - QStyle::QStyle
 - QTabBar::setSelectionBehaviorOnRemove
 - QTabBar::setTabButton
 - QTabBar::tabButton
 - QTableView::QTableView
 - QTcpSocket::QTcpSocket
 - QTextBlock::QTextBlock
 - QTextBlock::iterator::iterator
 - QTextBlockGroup::QTextBlockGroup
 - QTextCursor::QTextCursor
 - QTextDocument::QTextDocument
 - QTextDocument::appendUndoItem
 - QTextDocument::clearUndoRedoStacks
 - QTextEdit::QTextEdit
 - QTextFragment::QTextFragment
 - QTextFrame::QTextFrame
 - QTextFrame::setLayoutData
 - QTextInlineObject::QTextInlineObject
 - QTextLayout::QTextLayout
 - QTextLine::QTextLine
 - QTextObject::QTextObject
 - QTextStream::QTextStream
 - QTextStream::operator_shift_left
 - QTextStream::operator_shift_right
 - QTimeLine::setEasingCurve
 - QToolButton::QToolButton
 - QTransform::QTransform
 - QTreeView::QTreeView
 - QUuid::QUuid
 - QValidator::QValidator
 - QVariant::QVariant
 - QVariant::canConvert
 - QVariant::convert
 - QVariant::fromValue
 - QVariant::setValue
 - QVariant::typeToName
 - QVector::fromStdVector
 - QWebFrame::QWebFrame
 - QWebFrame::addToJavaScriptWindowObject
 - QWebFrame::render
 - QWebHistoryItem::QWebHistoryItem
 - QWebHitTestResult::QWebHitTestResult
 - QWebPage::extension
 - QWebPage::setPluginFactory
 - QWebPage::supportsExtension
 - QWebSettings::QWebSettings
 - QWidget::QWidget
 - QWidget::grabGesture
 - QWidget::setContentsMargins
 - QWidget::setGraphicsEffect
 - QWidget::setInputMethodHints
 - QWidget::setWindowSurface
 - QWidget::ungrabGesture
 - QWindowsStyle::QWindowsStyle
 - QXmlStreamReader::readElementText
 - QtConcurrent::blockingFilter
 - QtConcurrent::blockingMap
 - QtConcurrent::filter
 - QtConcurrent::filtered
 - QtConcurrent::filteredReduced
 - QtConcurrent::map
 - QtConcurrent::mapped
 - QtConcurrent::mappedReduced
 - QtConcurrent::run
 - QtConcurrent::selectIteration
************************************************************************

************************************************************************
Unmatched return type
 - QAccessibleInterface::actionInterface
 - QAccessibleInterface::imageInterface
 - QAction::priority
 - QAction::softKeyRole
 - QByteArray::toLongLong
 - QByteArray::toUShort
 - QClipboardEvent::data
 - QColorDialog::options
 - QDataStream::byteOrder
 - QDataStream::floatingPointPrecision
 - QFontDialog::options
 - QFuture::begin
 - QFuture::constBegin
 - QFuture::constEnd
 - QFuture::end
 - QFutureWatcher::futureInterface
 - QFutureWatcherBase::futureInterface
 - QGLFormat::profile
 - QGLFramebufferObject::format
 - QGradient::interpolationMode
 - QGraphicsItem::graphicsEffect
 - QGraphicsItem::inputMethodHints
 - QGraphicsItem::panelModality
 - QGraphicsItem::transformations
 - QImage::textList
 - QInputDialog::inputMode
 - QInputDialog::options
 - QLayout::contentsMargins
 - QLineEdit::textMargins
 - QList::detach_helper_grow
 - QList::toStdList
 - QLocale::d
 - QLocale::toLongLong
 - QLocale::toULongLong
 - QLocale::toUShort
 - QNetworkAccessManager::activeConfiguration
 - QNetworkAccessManager::configuration
 - QNetworkAccessManager::networkAccessible
 - QNetworkRequest::priority
 - QPixmap::pixmapData
 - QPixmapCache::insert
 - QPlainTextDocumentLayout::priv
 - QProcess::processEnvironment
 - QTabBar::selectionBehaviorOnRemove
 - QTextBlock::docHandle
 - QTextDocument::docHandle
 - QTextFrame::layoutData
 - QTextLayout::engine
 - QTextObject::docHandle
 - QTimeLine::easingCurve
 - QVariant::nameToType
 - QVariant::toEasingCurve
 - QVariant::toLongLong
 - QVariant::type
 - QVariant::value
 - QVector::toStdVector
 - QWebFrame::documentElement
 - QWebFrame::findAllElements
 - QWebFrame::findFirstElement
 - QWebFrame::securityOrigin
 - QWebHitTestResult::element
 - QWebHitTestResult::enclosingBlockElement
 - QWebHitTestResult::linkElement
 - QWebPage::handle
 - QWebPage::pluginFactory
 - QWebSettings::handle
 - QWidget::contentsMargins
 - QWidget::graphicsEffect
 - QWidget::inputMethodHints
 - QWidget::windowSurface
 - QtConcurrent::blockingFiltered
 - QtConcurrent::blockingFilteredReduced
 - QtConcurrent::blockingMapped
 - QtConcurrent::blockingMappedReduced
 - QtConcurrent::filterInternal
 - QtConcurrent::startFiltered
 - QtConcurrent::startFilteredReduced
 - QtConcurrent::startMap
 - QtConcurrent::startMapped
 - QtConcurrent::startMappedReduced
 - QtConcurrent::startThreadEngine
************************************************************************

